Base path: C:/Program Files/Unity/Editor/Data
Pipe name: \\.\pipe\UnityShaderCompiler-64bit-1-54260
Cmd: getPlatforms
Cmd: preprocess
  insize=620 outsize=1679 ok=1
Cmd: compileSnippet
  api=4 type=0 insize=6975 outsize=3663 kw=DIRECTIONAL SHADOWS_OFF LIGHTMAP_OFF DIRLIGHTMAP_OFF DYNAMICLIGHTMAP_OFF pd= ok=1
Cmd: compileSnippet
  api=4 type=1 insize=6975 outsize=1493 kw=DIRECTIONAL SHADOWS_OFF LIGHTMAP_OFF DIRLIGHTMAP_OFF DYNAMICLIGHTMAP_OFF pd= ok=1
Cmd: compileSnippet
  api=4 type=0 insize=3733 outsize=2753 kw=POINT pd= ok=1
Cmd: compileSnippet
  api=4 type=1 insize=3733 outsize=2127 kw=POINT pd= ok=1
Cmd: compileSnippet
  api=4 type=0 insize=3148 outsize=2753 kw= pd= ok=1
Cmd: compileSnippet
  api=4 type=1 insize=3148 outsize=1128 kw= pd= ok=1
Cmd: compileSnippet
  api=4 type=0 insize=6014 outsize=4077 kw=LIGHTMAP_OFF DIRLIGHTMAP_OFF DYNAMICLIGHTMAP_OFF HDR_LIGHT_PREPASS_OFF pd= ok=1
Cmd: compileSnippet
  api=4 type=1 insize=6014 outsize=1542 kw=LIGHTMAP_OFF DIRLIGHTMAP_OFF DYNAMICLIGHTMAP_OFF HDR_LIGHT_PREPASS_OFF pd= ok=1
Cmd: compileSnippet
  api=4 type=0 insize=5881 outsize=3801 kw=LIGHTMAP_OFF DIRLIGHTMAP_OFF DYNAMICLIGHTMAP_OFF HDR_LIGHT_PREPASS_OFF pd= ok=1
Cmd: compileSnippet
  api=4 type=1 insize=5881 outsize=1826 kw=LIGHTMAP_OFF DIRLIGHTMAP_OFF DYNAMICLIGHTMAP_OFF HDR_LIGHT_PREPASS_OFF pd= ok=1
Cmd: compileSnippet
  api=4 type=0 insize=3171 outsize=2484 kw= pd= ok=1
Cmd: compileSnippet
  api=4 type=1 insize=3171 outsize=1493 kw= pd= ok=1
Cmd: preprocess
  insize=2486 outsize=1156 ok=1
Cmd: compileSnippet
  api=4 type=0 insize=1632 outsize=1583 kw= pd= ok=1
Cmd: compileSnippet
  api=4 type=1 insize=1632 outsize=1509 kw= pd= ok=1
Cmd: compileSnippet
  api=4 type=0 insize=3118 outsize=6425 kw=SHADOWS_DEPTH pd= ok=1
Cmd: compileSnippet
  api=4 type=1 insize=3118 outsize=526 kw=SHADOWS_DEPTH pd= ok=1
Cmd: compileSnippet
  api=4 type=0 insize=7572 outsize=7619 kw=DIRECTIONAL SHADOWS_OFF LIGHTMAP_OFF DIRLIGHTMAP_OFF DYNAMICLIGHTMAP_OFF pd= ok=1
Cmd: compileSnippet
  api=4 type=1 insize=7572 outsize=3362 kw=DIRECTIONAL SHADOWS_OFF LIGHTMAP_OFF DIRLIGHTMAP_OFF DYNAMICLIGHTMAP_OFF pd= ok=1
Cmd: compileSnippet
  api=4 type=0 insize=5140 outsize=6701 kw=DIRECTIONAL pd= ok=1
Cmd: compileSnippet
  api=4 type=1 insize=5140 outsize=3167 kw=DIRECTIONAL pd= ok=1
Cmd: compileSnippet
  api=4 type=0 insize=1097 outsize=7368 kw=SHADOWS_DEPTH pd= ok=1
Cmd: compileSnippet
  api=4 type=1 insize=1097 outsize=884 kw=SHADOWS_DEPTH pd= ok=1
Cmd: compileSnippet
  api=4 type=0 insize=7010 outsize=9058 kw=DIRECTIONAL SHADOWS_OFF LIGHTMAP_OFF DIRLIGHTMAP_OFF DYNAMICLIGHTMAP_OFF pd= ok=1
Cmd: compileSnippet
  api=4 type=1 insize=7010 outsize=4134 kw=DIRECTIONAL SHADOWS_OFF LIGHTMAP_OFF DIRLIGHTMAP_OFF DYNAMICLIGHTMAP_OFF pd= ok=1
Cmd: compileSnippet
  api=4 type=0 insize=3193 outsize=6425 kw=SHADOWS_DEPTH pd= ok=1
Cmd: compileSnippet
  api=4 type=1 insize=3193 outsize=526 kw=SHADOWS_DEPTH pd= ok=1
Cmd: compileSnippet
  api=4 type=0 insize=7647 outsize=7619 kw=DIRECTIONAL SHADOWS_OFF LIGHTMAP_OFF DIRLIGHTMAP_OFF DYNAMICLIGHTMAP_OFF pd= ok=1
Cmd: compileSnippet
  api=4 type=1 insize=7647 outsize=3419 kw=DIRECTIONAL SHADOWS_OFF LIGHTMAP_OFF DIRLIGHTMAP_OFF DYNAMICLIGHTMAP_OFF pd= ok=1
Cmd: compileSnippet
  api=4 type=0 insize=5215 outsize=6701 kw=DIRECTIONAL pd= ok=1
Cmd: compileSnippet
  api=4 type=1 insize=5215 outsize=3224 kw=DIRECTIONAL pd= ok=1
Cmd: compileSnippet
  api=4 type=0 insize=751 outsize=3533 kw=SHADOWS_DEPTH pd= ok=1
Cmd: compileSnippet
  api=4 type=1 insize=751 outsize=380 kw=SHADOWS_DEPTH pd= ok=1
Cmd: compileSnippet
  api=4 type=0 insize=982 outsize=3979 kw=DIRECTIONAL SHADOWS_OFF LIGHTMAP_OFF DIRLIGHTMAP_OFF DYNAMICLIGHTMAP_OFF pd= ok=1
Cmd: compileSnippet
  api=4 type=1 insize=982 outsize=10618 kw=DIRECTIONAL SHADOWS_OFF LIGHTMAP_OFF DIRLIGHTMAP_OFF DYNAMICLIGHTMAP_OFF pd= ok=1
Cmd: compileSnippet
  api=4 type=0 insize=938 outsize=4101 kw=DIRECTIONAL SHADOWS_OFF pd= ok=1
Cmd: compileSnippet
  api=4 type=1 insize=938 outsize=5515 kw=DIRECTIONAL SHADOWS_OFF pd= ok=1
Cmd: compileSnippet
  api=4 type=0 insize=982 outsize=4703 kw=DIRECTIONAL SHADOWS_OFF LIGHTMAP_OFF DIRLIGHTMAP_OFF DYNAMICLIGHTMAP_OFF _NORMALMAP pd= ok=1
Cmd: compileSnippet
  api=4 type=1 insize=982 outsize=11406 kw=DIRECTIONAL SHADOWS_OFF LIGHTMAP_OFF DIRLIGHTMAP_OFF DYNAMICLIGHTMAP_OFF _NORMALMAP pd= ok=1
Cmd: compileSnippet
  api=4 type=0 insize=938 outsize=4101 kw=DIRECTIONAL SHADOWS_OFF _NORMALMAP pd= ok=1
Cmd: compileSnippet
  api=4 type=1 insize=938 outsize=6214 kw=DIRECTIONAL SHADOWS_OFF _NORMALMAP pd= ok=1
Cmd: compileSnippet
  api=4 type=0 insize=577 outsize=3533 kw=SHADOWS_DEPTH pd= ok=1
Cmd: compileSnippet
  api=4 type=1 insize=577 outsize=453 kw=SHADOWS_DEPTH pd= ok=1
Cmd: compileSnippet
  api=4 type=0 insize=6914 outsize=3663 kw=DIRECTIONAL SHADOWS_OFF LIGHTMAP_OFF DIRLIGHTMAP_OFF DYNAMICLIGHTMAP_OFF pd= ok=1
Cmd: compileSnippet
  api=4 type=1 insize=6914 outsize=1249 kw=DIRECTIONAL SHADOWS_OFF LIGHTMAP_OFF DIRLIGHTMAP_OFF DYNAMICLIGHTMAP_OFF pd= ok=1
Cmd: compileSnippet
  api=4 type=0 insize=541 outsize=3533 kw=SHADOWS_DEPTH pd= ok=1
Cmd: compileSnippet
  api=4 type=1 insize=541 outsize=453 kw=SHADOWS_DEPTH pd= ok=1
Cmd: compileSnippet
  api=4 type=0 insize=7666 outsize=4784 kw=DIRECTIONAL SHADOWS_OFF LIGHTMAP_OFF DIRLIGHTMAP_OFF DYNAMICLIGHTMAP_OFF pd= ok=1
Cmd: compileSnippet
  api=4 type=1 insize=7666 outsize=3476 kw=DIRECTIONAL SHADOWS_OFF LIGHTMAP_OFF DIRLIGHTMAP_OFF DYNAMICLIGHTMAP_OFF pd= ok=1
Cmd: compileSnippet
  api=4 type=0 insize=797 outsize=3776 kw=SHADOWS_DEPTH pd= ok=1
Cmd: compileSnippet
  api=4 type=1 insize=797 outsize=908 kw=SHADOWS_DEPTH pd= ok=1
Cmd: compileSnippet
  api=4 type=0 insize=5061 outsize=4020 kw=DIRECTIONAL pd= ok=1
Cmd: compileSnippet
  api=4 type=1 insize=5061 outsize=2907 kw=DIRECTIONAL pd= ok=1
Cmd: compileSnippet
  api=4 type=0 insize=3733 outsize=2753 kw=DIRECTIONAL pd= ok=1
Cmd: compileSnippet
  api=4 type=1 insize=3733 outsize=1347 kw=DIRECTIONAL pd= ok=1
Cmd: compileSnippet
  api=4 type=0 insize=1705 outsize=1290 kw=SOFTPARTICLES_OFF pd= ok=1
Cmd: compileSnippet
  api=4 type=1 insize=1705 outsize=924 kw=SOFTPARTICLES_OFF pd= ok=1
Cmd: compileSnippet
  api=4 type=0 insize=1333 outsize=1404 kw= pd= ok=1
Cmd: compileSnippet
  api=4 type=1 insize=1333 outsize=1168 kw= pd= ok=1
Cmd: compileSnippet
  api=4 type=0 insize=1329 outsize=1404 kw= pd= ok=1
Cmd: compileSnippet
  api=4 type=1 insize=1329 outsize=1168 kw= pd= ok=1
Cmd: compileSnippet
  api=4 type=0 insize=1329 outsize=1404 kw= pd= ok=1
Cmd: compileSnippet
  api=4 type=1 insize=1329 outsize=1168 kw= pd= ok=1
Cmd: compileSnippet
  api=4 type=0 insize=1333 outsize=1404 kw= pd= ok=1
Cmd: compileSnippet
  api=4 type=1 insize=1333 outsize=1168 kw= pd= ok=1
Cmd: compileSnippet
  api=4 type=0 insize=1321 outsize=1404 kw= pd= ok=1
Cmd: compileSnippet
  api=4 type=1 insize=1321 outsize=1168 kw= pd= ok=1
Cmd: compileSnippet
  api=4 type=0 insize=1331 outsize=1404 kw= pd= ok=1
Cmd: compileSnippet
  api=4 type=1 insize=1331 outsize=1168 kw= pd= ok=1
Cmd: compileSnippet
  api=4 type=0 insize=3331 outsize=1973 kw=WATER_REFRACTIVE pd= ok=1
Cmd: compileSnippet
  api=4 type=1 insize=3331 outsize=2891 kw=WATER_REFRACTIVE pd= ok=1
Cmd: compileSnippet
  api=4 type=0 insize=6924 outsize=3663 kw=DIRECTIONAL SHADOWS_OFF LIGHTMAP_OFF DIRLIGHTMAP_OFF DYNAMICLIGHTMAP_OFF pd= ok=1
Cmd: compileSnippet
  api=4 type=1 insize=6924 outsize=1314 kw=DIRECTIONAL SHADOWS_OFF LIGHTMAP_OFF DIRLIGHTMAP_OFF DYNAMICLIGHTMAP_OFF pd= ok=1
Cmd: compileSnippet
  api=4 type=0 insize=3695 outsize=2753 kw=DIRECTIONAL pd= ok=1
Cmd: compileSnippet
  api=4 type=1 insize=3695 outsize=1168 kw=DIRECTIONAL pd= ok=1
Cmd: compileSnippet
  api=4 type=0 insize=3223 outsize=7368 kw=SHADOWS_DEPTH pd= ok=1
Cmd: compileSnippet
  api=4 type=1 insize=3223 outsize=884 kw=SHADOWS_DEPTH pd= ok=1
Cmd: compileSnippet
  api=4 type=0 insize=7007 outsize=9058 kw=DIRECTIONAL SHADOWS_OFF LIGHTMAP_OFF DIRLIGHTMAP_OFF DYNAMICLIGHTMAP_OFF pd= ok=1
Cmd: compileSnippet
  api=4 type=1 insize=7007 outsize=4207 kw=DIRECTIONAL SHADOWS_OFF LIGHTMAP_OFF DIRLIGHTMAP_OFF DYNAMICLIGHTMAP_OFF pd= ok=1
Cmd: compileSnippet
  api=4 type=0 insize=982 outsize=4703 kw=DIRECTIONAL SHADOWS_OFF LIGHTMAP_OFF DIRLIGHTMAP_OFF DYNAMICLIGHTMAP_OFF _METALLICGLOSSMAP _NORMALMAP pd= ok=1
Cmd: compileSnippet
  api=4 type=1 insize=982 outsize=11471 kw=DIRECTIONAL SHADOWS_OFF LIGHTMAP_OFF DIRLIGHTMAP_OFF DYNAMICLIGHTMAP_OFF _METALLICGLOSSMAP _NORMALMAP pd= ok=1
Cmd: compileSnippet
  api=4 type=0 insize=938 outsize=4101 kw=DIRECTIONAL SHADOWS_OFF _METALLICGLOSSMAP _NORMALMAP pd= ok=1
Cmd: compileSnippet
  api=4 type=1 insize=938 outsize=6319 kw=DIRECTIONAL SHADOWS_OFF _METALLICGLOSSMAP _NORMALMAP pd= ok=1
Cmd: compileSnippet
  api=4 type=0 insize=751 outsize=3533 kw=SHADOWS_DEPTH pd= ok=1
Cmd: compileSnippet
  api=4 type=1 insize=751 outsize=380 kw=SHADOWS_DEPTH pd= ok=1
Cmd: compileSnippet
  api=4 type=0 insize=977 outsize=4703 kw=DIRECTIONAL SHADOWS_OFF LIGHTMAP_OFF DIRLIGHTMAP_OFF DYNAMICLIGHTMAP_OFF _NORMALMAP _SPECGLOSSMAP pd= ok=1
Cmd: compileSnippet
  api=4 type=1 insize=977 outsize=11284 kw=DIRECTIONAL SHADOWS_OFF LIGHTMAP_OFF DIRLIGHTMAP_OFF DYNAMICLIGHTMAP_OFF _NORMALMAP _SPECGLOSSMAP pd= ok=1
Cmd: compileSnippet
  api=4 type=0 insize=934 outsize=4101 kw=DIRECTIONAL SHADOWS_OFF _NORMALMAP _SPECGLOSSMAP pd= ok=1
Cmd: compileSnippet
  api=4 type=1 insize=934 outsize=6157 kw=DIRECTIONAL SHADOWS_OFF _NORMALMAP _SPECGLOSSMAP pd= ok=1
Cmd: compileSnippet
  api=4 type=0 insize=13030 outsize=11024 kw=UNITY_COLORSPACE_GAMMA _SUNDISK_SIMPLE pd= ok=1
Cmd: compileSnippet
  api=4 type=1 insize=13030 outsize=1899 kw=UNITY_COLORSPACE_GAMMA _SUNDISK_SIMPLE pd= ok=1
Cmd: compileSnippet
  api=4 type=0 insize=3589 outsize=7034 kw=SHADOWS_DEPTH pd= ok=1
Cmd: compileSnippet
  api=4 type=1 insize=3589 outsize=1030 kw=SHADOWS_DEPTH pd= ok=1
Cmd: compileSnippet
  api=4 type=0 insize=3198 outsize=6661 kw=SHADOWS_DEPTH pd= ok=1
Cmd: compileSnippet
  api=4 type=1 insize=3198 outsize=1030 kw=SHADOWS_DEPTH pd= ok=1
Cmd: compileSnippet
  api=4 type=0 insize=2606 outsize=3679 kw= pd= ok=1
Cmd: compileSnippet
  api=4 type=1 insize=2606 outsize=2801 kw= pd= ok=1
Cmd: compileSnippet
  api=4 type=0 insize=3137 outsize=5897 kw= pd= ok=1
Cmd: compileSnippet
  api=4 type=1 insize=3137 outsize=2866 kw= pd= ok=1
Cmd: compileSnippet
  api=4 type=0 insize=64711 outsize=4321 kw=DIRECTIONAL SHADOWS_OFF LIGHTMAP_OFF DIRLIGHTMAP_OFF DYNAMICLIGHTMAP_OFF FOG_LINEAR pd= ok=1
Cmd: compileSnippet
  api=4 type=1 insize=64711 outsize=3061 kw=DIRECTIONAL SHADOWS_OFF LIGHTMAP_OFF DIRLIGHTMAP_OFF DYNAMICLIGHTMAP_OFF FOG_LINEAR pd= ok=1
Cmd: compileSnippet
  api=4 type=0 insize=64711 outsize=4711 kw=DIRECTIONAL SHADOWS_SCREEN LIGHTMAP_OFF DIRLIGHTMAP_OFF DYNAMICLIGHTMAP_OFF FOG_LINEAR pd= ok=1
Cmd: compileSnippet
  api=4 type=1 insize=64711 outsize=3378 kw=DIRECTIONAL SHADOWS_SCREEN LIGHTMAP_OFF DIRLIGHTMAP_OFF DYNAMICLIGHTMAP_OFF FOG_LINEAR pd= ok=1
Cmd: compileSnippet
  api=4 type=0 insize=7647 outsize=7855 kw=DIRECTIONAL SHADOWS_OFF LIGHTMAP_OFF DIRLIGHTMAP_OFF DYNAMICLIGHTMAP_OFF FOG_LINEAR pd= ok=1
Cmd: compileSnippet
  api=4 type=1 insize=7647 outsize=3719 kw=DIRECTIONAL SHADOWS_OFF LIGHTMAP_OFF DIRLIGHTMAP_OFF DYNAMICLIGHTMAP_OFF FOG_LINEAR pd= ok=1
Cmd: compileSnippet
  api=4 type=0 insize=7010 outsize=9293 kw=DIRECTIONAL SHADOWS_OFF LIGHTMAP_OFF DIRLIGHTMAP_OFF DYNAMICLIGHTMAP_OFF FOG_LINEAR pd= ok=1
Cmd: compileSnippet
  api=4 type=1 insize=7010 outsize=4475 kw=DIRECTIONAL SHADOWS_OFF LIGHTMAP_OFF DIRLIGHTMAP_OFF DYNAMICLIGHTMAP_OFF FOG_LINEAR pd= ok=1
Cmd: compileSnippet
  api=4 type=0 insize=7666 outsize=4938 kw=DIRECTIONAL SHADOWS_OFF LIGHTMAP_OFF DIRLIGHTMAP_OFF DYNAMICLIGHTMAP_OFF FOG_LINEAR pd= ok=1
Cmd: compileSnippet
  api=4 type=1 insize=7666 outsize=3825 kw=DIRECTIONAL SHADOWS_OFF LIGHTMAP_OFF DIRLIGHTMAP_OFF DYNAMICLIGHTMAP_OFF FOG_LINEAR pd= ok=1
Cmd: compileSnippet
  api=4 type=0 insize=6975 outsize=3898 kw=DIRECTIONAL SHADOWS_OFF LIGHTMAP_OFF DIRLIGHTMAP_OFF DYNAMICLIGHTMAP_OFF FOG_LINEAR pd= ok=1
Cmd: compileSnippet
  api=4 type=1 insize=6975 outsize=1794 kw=DIRECTIONAL SHADOWS_OFF LIGHTMAP_OFF DIRLIGHTMAP_OFF DYNAMICLIGHTMAP_OFF FOG_LINEAR pd= ok=1
Cmd: compileSnippet
  api=4 type=0 insize=7662 outsize=6734 kw=DIRECTIONAL SHADOWS_OFF LIGHTMAP_OFF DIRLIGHTMAP_OFF DYNAMICLIGHTMAP_OFF FOG_LINEAR pd= ok=1
Cmd: compileSnippet
  api=4 type=1 insize=7662 outsize=1859 kw=DIRECTIONAL SHADOWS_OFF LIGHTMAP_OFF DIRLIGHTMAP_OFF DYNAMICLIGHTMAP_OFF FOG_LINEAR pd= ok=1
Cmd: compileSnippet
  api=4 type=0 insize=1041 outsize=2501 kw=FOG_LINEAR pd= ok=1
Cmd: compileSnippet
  api=4 type=1 insize=1041 outsize=1152 kw=FOG_LINEAR pd= ok=1
Cmd: compileSnippet
  api=4 type=0 insize=7647 outsize=8229 kw=DIRECTIONAL SHADOWS_SCREEN LIGHTMAP_OFF DIRLIGHTMAP_OFF DYNAMICLIGHTMAP_OFF FOG_LINEAR pd= ok=1
Cmd: compileSnippet
  api=4 type=1 insize=7647 outsize=4028 kw=DIRECTIONAL SHADOWS_SCREEN LIGHTMAP_OFF DIRLIGHTMAP_OFF DYNAMICLIGHTMAP_OFF FOG_LINEAR pd= ok=1
Cmd: compileSnippet
  api=4 type=0 insize=7010 outsize=9667 kw=DIRECTIONAL SHADOWS_SCREEN LIGHTMAP_OFF DIRLIGHTMAP_OFF DYNAMICLIGHTMAP_OFF FOG_LINEAR pd= ok=1
Cmd: compileSnippet
  api=4 type=1 insize=7010 outsize=4930 kw=DIRECTIONAL SHADOWS_SCREEN LIGHTMAP_OFF DIRLIGHTMAP_OFF DYNAMICLIGHTMAP_OFF FOG_LINEAR pd= ok=1
Cmd: compileSnippet
  api=4 type=0 insize=7666 outsize=5288 kw=DIRECTIONAL SHADOWS_SCREEN LIGHTMAP_OFF DIRLIGHTMAP_OFF DYNAMICLIGHTMAP_OFF FOG_LINEAR pd= ok=1
Cmd: compileSnippet
  api=4 type=1 insize=7666 outsize=4134 kw=DIRECTIONAL SHADOWS_SCREEN LIGHTMAP_OFF DIRLIGHTMAP_OFF DYNAMICLIGHTMAP_OFF FOG_LINEAR pd= ok=1
Cmd: compileSnippet
  api=4 type=0 insize=6975 outsize=4248 kw=DIRECTIONAL SHADOWS_SCREEN LIGHTMAP_OFF DIRLIGHTMAP_OFF DYNAMICLIGHTMAP_OFF FOG_LINEAR pd= ok=1
Cmd: compileSnippet
  api=4 type=1 insize=6975 outsize=2111 kw=DIRECTIONAL SHADOWS_SCREEN LIGHTMAP_OFF DIRLIGHTMAP_OFF DYNAMICLIGHTMAP_OFF FOG_LINEAR pd= ok=1
Cmd: compileSnippet
  api=4 type=0 insize=7662 outsize=7083 kw=DIRECTIONAL SHADOWS_SCREEN LIGHTMAP_OFF DIRLIGHTMAP_OFF DYNAMICLIGHTMAP_OFF FOG_LINEAR pd= ok=1
Cmd: compileSnippet
  api=4 type=1 insize=7662 outsize=2176 kw=DIRECTIONAL SHADOWS_SCREEN LIGHTMAP_OFF DIRLIGHTMAP_OFF DYNAMICLIGHTMAP_OFF FOG_LINEAR pd= ok=1
Cmd: compileSnippet
  api=4 type=0 insize=6924 outsize=3898 kw=DIRECTIONAL SHADOWS_OFF LIGHTMAP_OFF DIRLIGHTMAP_OFF DYNAMICLIGHTMAP_OFF FOG_LINEAR pd= ok=1
Cmd: compileSnippet
  api=4 type=1 insize=6924 outsize=1615 kw=DIRECTIONAL SHADOWS_OFF LIGHTMAP_OFF DIRLIGHTMAP_OFF DYNAMICLIGHTMAP_OFF FOG_LINEAR pd= ok=1
Cmd: compileSnippet
  api=4 type=0 insize=982 outsize=4134 kw=DIRECTIONAL SHADOWS_OFF LIGHTMAP_OFF DIRLIGHTMAP_OFF DYNAMICLIGHTMAP_OFF FOG_LINEAR pd= ok=1
Cmd: compileSnippet
  api=4 type=1 insize=982 outsize=10967 kw=DIRECTIONAL SHADOWS_OFF LIGHTMAP_OFF DIRLIGHTMAP_OFF DYNAMICLIGHTMAP_OFF FOG_LINEAR pd= ok=1
Cmd: compileSnippet
  api=4 type=0 insize=982 outsize=4451 kw=DIRECTIONAL SHADOWS_SCREEN LIGHTMAP_OFF DIRLIGHTMAP_OFF DYNAMICLIGHTMAP_OFF FOG_LINEAR pd= ok=1
Cmd: compileSnippet
  api=4 type=1 insize=982 outsize=11276 kw=DIRECTIONAL SHADOWS_SCREEN LIGHTMAP_OFF DIRLIGHTMAP_OFF DYNAMICLIGHTMAP_OFF FOG_LINEAR pd= ok=1
Cmd: compileSnippet
  api=4 type=0 insize=1705 outsize=2233 kw=FOG_LINEAR SOFTPARTICLES_ON pd= ok=1
Cmd: compileSnippet
  api=4 type=1 insize=1705 outsize=1826 kw=FOG_LINEAR SOFTPARTICLES_ON pd= ok=1
Cmd: compileSnippet
  api=4 type=0 insize=982 outsize=5174 kw=DIRECTIONAL SHADOWS_SCREEN LIGHTMAP_OFF DIRLIGHTMAP_OFF DYNAMICLIGHTMAP_OFF FOG_LINEAR _NORMALMAP pd= ok=1
Cmd: compileSnippet
  api=4 type=1 insize=982 outsize=12064 kw=DIRECTIONAL SHADOWS_SCREEN LIGHTMAP_OFF DIRLIGHTMAP_OFF DYNAMICLIGHTMAP_OFF FOG_LINEAR _NORMALMAP pd= ok=1
Cmd: compileSnippet
  api=4 type=0 insize=64711 outsize=5775 kw=DIRECTIONAL SHADOWS_OFF LIGHTMAP_OFF DIRLIGHTMAP_OFF DYNAMICLIGHTMAP_OFF FOG_LINEAR VERTEXLIGHT_ON pd= ok=1
Cmd: compileSnippet
  api=4 type=0 insize=7666 outsize=6352 kw=DIRECTIONAL SHADOWS_OFF LIGHTMAP_OFF DIRLIGHTMAP_OFF DYNAMICLIGHTMAP_OFF FOG_LINEAR VERTEXLIGHT_ON pd= ok=1
Cmd: compileSnippet
  api=4 type=0 insize=6975 outsize=5353 kw=DIRECTIONAL SHADOWS_OFF LIGHTMAP_OFF DIRLIGHTMAP_OFF DYNAMICLIGHTMAP_OFF FOG_LINEAR VERTEXLIGHT_ON pd= ok=1
Cmd: compileSnippet
  api=4 type=0 insize=7662 outsize=8188 kw=DIRECTIONAL SHADOWS_OFF LIGHTMAP_OFF DIRLIGHTMAP_OFF DYNAMICLIGHTMAP_OFF FOG_LINEAR VERTEXLIGHT_ON pd= ok=1
Cmd: compileSnippet
  api=4 type=0 insize=982 outsize=6271 kw=DIRECTIONAL SHADOWS_OFF LIGHTMAP_OFF DIRLIGHTMAP_OFF DYNAMICLIGHTMAP_OFF FOG_LINEAR VERTEXLIGHT_ON _NORMALMAP pd= ok=1
Cmd: compileSnippet
  api=4 type=1 insize=982 outsize=11755 kw=DIRECTIONAL SHADOWS_OFF LIGHTMAP_OFF DIRLIGHTMAP_OFF DYNAMICLIGHTMAP_OFF FOG_LINEAR _NORMALMAP pd= ok=1
Cmd: compileSnippet
  api=4 type=0 insize=7647 outsize=9269 kw=DIRECTIONAL SHADOWS_OFF LIGHTMAP_OFF DIRLIGHTMAP_OFF DYNAMICLIGHTMAP_OFF FOG_LINEAR VERTEXLIGHT_ON pd= ok=1
Cmd: compileSnippet
  api=4 type=0 insize=7010 outsize=10707 kw=DIRECTIONAL SHADOWS_OFF LIGHTMAP_OFF DIRLIGHTMAP_OFF DYNAMICLIGHTMAP_OFF FOG_LINEAR VERTEXLIGHT_ON pd= ok=1
Cmd: compileSnippet
  api=4 type=0 insize=1705 outsize=1526 kw=FOG_LINEAR SOFTPARTICLES_OFF pd= ok=1
Cmd: compileSnippet
  api=4 type=1 insize=1705 outsize=1136 kw=FOG_LINEAR SOFTPARTICLES_OFF pd= ok=1
Cmd: compileSnippet
  api=4 type=0 insize=1632 outsize=1778 kw=FOG_LINEAR pd= ok=1
Cmd: compileSnippet
  api=4 type=1 insize=1632 outsize=1867 kw=FOG_LINEAR pd= ok=1
Cmd: compileSnippet
  api=4 type=0 insize=1097 outsize=5068 kw=SHADOWS_CUBE pd= ok=1
Cmd: compileSnippet
  api=4 type=1 insize=1097 outsize=1087 kw=SHADOWS_CUBE pd= ok=1
Cmd: compileSnippet
  api=4 type=0 insize=797 outsize=1639 kw=SHADOWS_CUBE pd= ok=1
Cmd: compileSnippet
  api=4 type=1 insize=797 outsize=1111 kw=SHADOWS_CUBE pd= ok=1
Cmd: compileSnippet
  api=4 type=0 insize=3193 outsize=4126 kw=SHADOWS_CUBE pd= ok=1
Cmd: compileSnippet
  api=4 type=1 insize=3193 outsize=746 kw=SHADOWS_CUBE pd= ok=1
Cmd: compileSnippet
  api=4 type=0 insize=541 outsize=1420 kw=SHADOWS_CUBE pd= ok=1
Cmd: compileSnippet
  api=4 type=1 insize=541 outsize=697 kw=SHADOWS_CUBE pd= ok=1
Cmd: compileSnippet
  api=4 type=0 insize=751 outsize=1420 kw=SHADOWS_CUBE pd= ok=1
Cmd: compileSnippet
  api=4 type=1 insize=751 outsize=624 kw=SHADOWS_CUBE pd= ok=1
Cmd: compileSnippet
  api=4 type=0 insize=40885 outsize=3565 kw=POINT FOG_LINEAR pd= ok=1
Cmd: compileSnippet
  api=4 type=1 insize=40885 outsize=3256 kw=POINT FOG_LINEAR pd= ok=1
Cmd: compileSnippet
  api=4 type=0 insize=7010 outsize=11081 kw=DIRECTIONAL SHADOWS_SCREEN LIGHTMAP_OFF DIRLIGHTMAP_OFF DYNAMICLIGHTMAP_OFF FOG_LINEAR VERTEXLIGHT_ON pd= ok=1
Cmd: compileSnippet
  api=4 type=0 insize=5215 outsize=6937 kw=POINT FOG_LINEAR pd= ok=1
Cmd: compileSnippet
  api=4 type=1 insize=5215 outsize=4166 kw=POINT FOG_LINEAR pd= ok=1
Cmd: compileSnippet
  api=4 type=0 insize=5061 outsize=4174 kw=POINT FOG_LINEAR pd= ok=1
Cmd: compileSnippet
  api=4 type=1 insize=5061 outsize=3898 kw=POINT FOG_LINEAR pd= ok=1
Cmd: compileSnippet
  api=4 type=0 insize=938 outsize=5093 kw=POINT SHADOWS_CUBE SHADOWS_SOFT FOG_LINEAR _NORMALMAP pd= ok=1
Cmd: compileSnippet
  api=4 type=1 insize=938 outsize=8424 kw=POINT SHADOWS_CUBE SHADOWS_SOFT FOG_LINEAR _NORMALMAP pd= ok=1
Cmd: compileSnippet
  api=4 type=0 insize=3733 outsize=2988 kw=POINT FOG_LINEAR pd= ok=1
Cmd: compileSnippet
  api=4 type=1 insize=3733 outsize=2298 kw=POINT FOG_LINEAR pd= ok=1
Cmd: compileSnippet
  api=4 type=0 insize=4408 outsize=5824 kw=POINT FOG_LINEAR pd= ok=1
Cmd: compileSnippet
  api=4 type=1 insize=4408 outsize=2363 kw=POINT FOG_LINEAR pd= ok=1
Cmd: compileSnippet
  api=4 type=0 insize=982 outsize=4857 kw=DIRECTIONAL SHADOWS_OFF LIGHTMAP_OFF DIRLIGHTMAP_OFF DYNAMICLIGHTMAP_OFF FOG_LINEAR _NORMALMAP pd= ok=1
Cmd: compileSnippet
  api=4 type=0 insize=982 outsize=4857 kw=DIRECTIONAL SHADOWS_OFF LIGHTMAP_OFF DIRLIGHTMAP_OFF DYNAMICLIGHTMAP_OFF FOG_LINEAR _METALLICGLOSSMAP _NORMALMAP pd= ok=1
Cmd: compileSnippet
  api=4 type=1 insize=982 outsize=11820 kw=DIRECTIONAL SHADOWS_OFF LIGHTMAP_OFF DIRLIGHTMAP_OFF DYNAMICLIGHTMAP_OFF FOG_LINEAR _METALLICGLOSSMAP _NORMALMAP pd= ok=1
Cmd: compileSnippet
  api=4 type=0 insize=982 outsize=5174 kw=DIRECTIONAL SHADOWS_SCREEN LIGHTMAP_OFF DIRLIGHTMAP_OFF DYNAMICLIGHTMAP_OFF FOG_LINEAR _METALLICGLOSSMAP _NORMALMAP pd= ok=1
Cmd: compileSnippet
  api=4 type=1 insize=982 outsize=12129 kw=DIRECTIONAL SHADOWS_SCREEN LIGHTMAP_OFF DIRLIGHTMAP_OFF DYNAMICLIGHTMAP_OFF FOG_LINEAR _METALLICGLOSSMAP _NORMALMAP pd= ok=1
Cmd: compileSnippet
  api=4 type=0 insize=982 outsize=6271 kw=DIRECTIONAL SHADOWS_OFF LIGHTMAP_OFF DIRLIGHTMAP_OFF DYNAMICLIGHTMAP_OFF FOG_LINEAR VERTEXLIGHT_ON _METALLICGLOSSMAP _NORMALMAP pd= ok=1
Cmd: compileSnippet
  api=4 type=0 insize=938 outsize=5093 kw=POINT SHADOWS_CUBE SHADOWS_SOFT FOG_LINEAR _METALLICGLOSSMAP _NORMALMAP pd= ok=1
Cmd: compileSnippet
  api=4 type=1 insize=938 outsize=8529 kw=POINT SHADOWS_CUBE SHADOWS_SOFT FOG_LINEAR _METALLICGLOSSMAP _NORMALMAP pd= ok=1
Cmd: compileSnippet
  api=4 type=0 insize=7104 outsize=3736 kw=DIRECTIONAL SHADOWS_OFF LIGHTMAP_OFF DIRLIGHTMAP_OFF DYNAMICLIGHTMAP_OFF pd= ok=1
Cmd: compileSnippet
  api=4 type=1 insize=7104 outsize=1493 kw=DIRECTIONAL SHADOWS_OFF LIGHTMAP_OFF DIRLIGHTMAP_OFF DYNAMICLIGHTMAP_OFF pd= ok=1
Cmd: compileSnippet
  api=4 type=0 insize=3862 outsize=2826 kw=DIRECTIONAL pd= ok=1
Cmd: compileSnippet
  api=4 type=1 insize=3862 outsize=1347 kw=DIRECTIONAL pd= ok=1
Cmd: compileSnippet
  api=4 type=0 insize=6976 outsize=3663 kw=DIRECTIONAL SHADOWS_OFF LIGHTMAP_OFF DIRLIGHTMAP_OFF DYNAMICLIGHTMAP_OFF pd= ok=1
Cmd: compileSnippet
  api=4 type=1 insize=6976 outsize=1493 kw=DIRECTIONAL SHADOWS_OFF LIGHTMAP_OFF DIRLIGHTMAP_OFF DYNAMICLIGHTMAP_OFF pd= ok=1
Cmd: compileSnippet
  api=4 type=0 insize=3734 outsize=2753 kw=DIRECTIONAL pd= ok=1
Cmd: compileSnippet
  api=4 type=1 insize=3734 outsize=1347 kw=DIRECTIONAL pd= ok=1
Cmd: compileSnippet
  api=4 type=0 insize=7139 outsize=3663 kw=DIRECTIONAL SHADOWS_OFF LIGHTMAP_OFF DIRLIGHTMAP_OFF DYNAMICLIGHTMAP_OFF pd= ok=1
Cmd: compileSnippet
  api=4 type=1 insize=7139 outsize=2298 kw=DIRECTIONAL SHADOWS_OFF LIGHTMAP_OFF DIRLIGHTMAP_OFF DYNAMICLIGHTMAP_OFF pd= ok=1
Cmd: compileSnippet
  api=4 type=0 insize=3868 outsize=2753 kw=DIRECTIONAL pd= ok=1
Cmd: compileSnippet
  api=4 type=1 insize=3868 outsize=2151 kw=DIRECTIONAL pd= ok=1
Cmd: compileSnippet
  api=4 type=0 insize=7139 outsize=4248 kw=DIRECTIONAL SHADOWS_SCREEN LIGHTMAP_OFF DIRLIGHTMAP_OFF DYNAMICLIGHTMAP_OFF FOG_LINEAR pd= ok=1
Cmd: compileSnippet
  api=4 type=1 insize=7139 outsize=2907 kw=DIRECTIONAL SHADOWS_SCREEN LIGHTMAP_OFF DIRLIGHTMAP_OFF DYNAMICLIGHTMAP_OFF FOG_LINEAR pd= ok=1
Cmd: compileSnippet
  api=4 type=0 insize=7139 outsize=3898 kw=DIRECTIONAL SHADOWS_OFF LIGHTMAP_OFF DIRLIGHTMAP_OFF DYNAMICLIGHTMAP_OFF FOG_LINEAR pd= ok=1
Cmd: compileSnippet
  api=4 type=1 insize=7139 outsize=2598 kw=DIRECTIONAL SHADOWS_OFF LIGHTMAP_OFF DIRLIGHTMAP_OFF DYNAMICLIGHTMAP_OFF FOG_LINEAR pd= ok=1
Cmd: compileSnippet
  api=4 type=0 insize=6924 outsize=4248 kw=DIRECTIONAL SHADOWS_SCREEN LIGHTMAP_OFF DIRLIGHTMAP_OFF DYNAMICLIGHTMAP_OFF FOG_LINEAR pd= ok=1
Cmd: compileSnippet
  api=4 type=1 insize=6924 outsize=1932 kw=DIRECTIONAL SHADOWS_SCREEN LIGHTMAP_OFF DIRLIGHTMAP_OFF DYNAMICLIGHTMAP_OFF FOG_LINEAR pd= ok=1
Cmd: compileSnippet
  api=4 type=0 insize=938 outsize=4946 kw=POINT SHADOWS_OFF FOG_LINEAR _NORMALMAP pd= ok=1
Cmd: compileSnippet
  api=4 type=1 insize=938 outsize=6969 kw=POINT SHADOWS_OFF FOG_LINEAR _NORMALMAP pd= ok=1
Cmd: compileSnippet
  api=4 type=0 insize=938 outsize=4946 kw=POINT SHADOWS_OFF FOG_LINEAR _METALLICGLOSSMAP _NORMALMAP pd= ok=1
Cmd: compileSnippet
  api=4 type=1 insize=938 outsize=7075 kw=POINT SHADOWS_OFF FOG_LINEAR _METALLICGLOSSMAP _NORMALMAP pd= ok=1
Cmd: compileSnippet
  api=4 type=0 insize=3695 outsize=2988 kw=POINT FOG_LINEAR pd= ok=1
Cmd: compileSnippet
  api=4 type=1 insize=3695 outsize=2119 kw=POINT FOG_LINEAR pd= ok=1
Cmd: compileSnippet
  api=4 type=0 insize=6924 outsize=5353 kw=DIRECTIONAL SHADOWS_OFF LIGHTMAP_OFF DIRLIGHTMAP_OFF DYNAMICLIGHTMAP_OFF FOG_LINEAR VERTEXLIGHT_ON pd= ok=1
Cmd: compileSnippet
  api=4 type=0 insize=977 outsize=4703 kw=DIRECTIONAL SHADOWS_OFF LIGHTMAP_OFF DIRLIGHTMAP_OFF DYNAMICLIGHTMAP_OFF _DETAIL_MULX2 _NORMALMAP _SPECGLOSSMAP pd= ok=1
Cmd: compileSnippet
  api=4 type=1 insize=977 outsize=12730 kw=DIRECTIONAL SHADOWS_OFF LIGHTMAP_OFF DIRLIGHTMAP_OFF DYNAMICLIGHTMAP_OFF _DETAIL_MULX2 _NORMALMAP _SPECGLOSSMAP pd= ok=1
Cmd: compileSnippet
  api=4 type=0 insize=934 outsize=4101 kw=DIRECTIONAL SHADOWS_OFF _DETAIL_MULX2 _NORMALMAP _SPECGLOSSMAP pd= ok=1
Cmd: compileSnippet
  api=4 type=1 insize=934 outsize=7603 kw=DIRECTIONAL SHADOWS_OFF _DETAIL_MULX2 _NORMALMAP _SPECGLOSSMAP pd= ok=1
Cmd: compileSnippet
  api=4 type=0 insize=977 outsize=4857 kw=DIRECTIONAL SHADOWS_OFF LIGHTMAP_OFF DIRLIGHTMAP_OFF DYNAMICLIGHTMAP_OFF FOG_LINEAR _DETAIL_MULX2 _NORMALMAP _SPECGLOSSMAP pd= ok=1
Cmd: compileSnippet
  api=4 type=1 insize=977 outsize=13079 kw=DIRECTIONAL SHADOWS_OFF LIGHTMAP_OFF DIRLIGHTMAP_OFF DYNAMICLIGHTMAP_OFF FOG_LINEAR _DETAIL_MULX2 _NORMALMAP _SPECGLOSSMAP pd= ok=1
Cmd: compileSnippet
  api=4 type=0 insize=977 outsize=5174 kw=DIRECTIONAL SHADOWS_SCREEN LIGHTMAP_OFF DIRLIGHTMAP_OFF DYNAMICLIGHTMAP_OFF FOG_LINEAR _DETAIL_MULX2 _NORMALMAP _SPECGLOSSMAP pd= ok=1
Cmd: compileSnippet
  api=4 type=1 insize=977 outsize=13388 kw=DIRECTIONAL SHADOWS_SCREEN LIGHTMAP_OFF DIRLIGHTMAP_OFF DYNAMICLIGHTMAP_OFF FOG_LINEAR _DETAIL_MULX2 _NORMALMAP _SPECGLOSSMAP pd= ok=1
Cmd: preprocess
  insize=8333 outsize=2044 ok=1
Cmd: compileSnippet
  api=4 type=0 insize=6508 outsize=1006 kw= pd= ok=1
Cmd: compileSnippet
  api=4 type=1 insize=6508 outsize=1899 kw= pd= ok=1
Cmd: compileSnippet
  api=4 type=0 insize=6503 outsize=1006 kw= pd= ok=1
Cmd: compileSnippet
  api=4 type=1 insize=6503 outsize=3565 kw= pd= ok=1
Cmd: compileSnippet
  api=4 type=0 insize=6503 outsize=1006 kw= pd= ok=1
Cmd: compileSnippet
  api=4 type=1 insize=6503 outsize=1485 kw= pd= ok=1
Cmd: compileSnippet
  api=4 type=0 insize=6503 outsize=1006 kw= pd= ok=1
Cmd: compileSnippet
  api=4 type=1 insize=6503 outsize=1485 kw= pd= ok=1
Cmd: compileSnippet
  api=4 type=0 insize=6505 outsize=1006 kw= pd= ok=1
Cmd: compileSnippet
  api=4 type=1 insize=6505 outsize=1810 kw= pd= ok=1
Cmd: compileSnippet
  api=4 type=0 insize=6505 outsize=1006 kw= pd= ok=1
Cmd: compileSnippet
  api=4 type=1 insize=6505 outsize=1485 kw= pd= ok=1
Cmd: compileSnippet
  api=4 type=0 insize=6514 outsize=1006 kw= pd= ok=1
Cmd: compileSnippet
  api=4 type=1 insize=6514 outsize=1444 kw= pd= ok=1
Cmd: compileSnippet
  api=4 type=0 insize=6519 outsize=1006 kw= pd= ok=1
Cmd: compileSnippet
  api=4 type=1 insize=6519 outsize=1363 kw= pd= ok=1
Cmd: compileSnippet
  api=4 type=0 insize=6512 outsize=1006 kw= pd= ok=1
Cmd: compileSnippet
  api=4 type=1 insize=6512 outsize=868 kw= pd= ok=1
Cmd: compileSnippet
  api=4 type=0 insize=6510 outsize=1006 kw= pd= ok=1
Cmd: compileSnippet
  api=4 type=1 insize=6510 outsize=1526 kw= pd= ok=1
Cmd: compileSnippet
  api=4 type=0 insize=6517 outsize=1006 kw= pd= ok=1
Cmd: compileSnippet
  api=4 type=1 insize=6517 outsize=1948 kw= pd= ok=1
Cmd: preprocess
  insize=10964 outsize=662 ok=1
Cmd: compileSnippet
  api=4 type=0 insize=10530 outsize=1006 kw= pd= ok=1
Cmd: compileSnippet
  api=4 type=1 insize=10530 outsize=1688 kw= pd= ok=1
Cmd: compileSnippet
  api=4 type=0 insize=10552 outsize=1006 kw= pd= ok=1
Cmd: compileSnippet
  api=4 type=1 insize=10552 outsize=9285 kw= pd= ok=1
Cmd: compileSnippet
  api=4 type=0 insize=10508 outsize=1006 kw= pd= ok=1
Cmd: compileSnippet
  api=4 type=1 insize=10508 outsize=9301 kw= pd= ok=1
Cmd: preprocess
  insize=1248 outsize=340 ok=1
Cmd: compileSnippet
  api=4 type=0 insize=1210 outsize=1599 kw= pd= ok=1
Cmd: compileSnippet
  api=4 type=1 insize=1210 outsize=1168 kw= pd= ok=1
Cmd: preprocess
  insize=435 outsize=435 ok=1
Cmd: preprocess
  insize=1615 outsize=2303 ok=1
Cmd: compileSnippet
  api=4 type=0 insize=10993 outsize=1501 kw=DIRECTIONAL SHADOWS_OFF LIGHTMAP_OFF DIRLIGHTMAP_OFF DYNAMICLIGHTMAP_OFF pd= ok=1
Cmd: compileSnippet
  api=4 type=1 insize=10993 outsize=3516 kw=DIRECTIONAL SHADOWS_OFF LIGHTMAP_OFF DIRLIGHTMAP_OFF DYNAMICLIGHTMAP_OFF pd= ok=1
Cmd: compileSnippet
  api=4 type=2 insize=10993 outsize=7928 kw=DIRECTIONAL SHADOWS_OFF LIGHTMAP_OFF DIRLIGHTMAP_OFF DYNAMICLIGHTMAP_OFF pd= ok=1
Cmd: compileSnippet
  api=4 type=3 insize=10993 outsize=6181 kw=DIRECTIONAL SHADOWS_OFF LIGHTMAP_OFF DIRLIGHTMAP_OFF DYNAMICLIGHTMAP_OFF pd= ok=1
Cmd: compileSnippet
  api=4 type=0 insize=8388 outsize=1501 kw=POINT pd= ok=1
Cmd: compileSnippet
  api=4 type=1 insize=8388 outsize=3703 kw=POINT pd= ok=1
Cmd: compileSnippet
  api=4 type=2 insize=8388 outsize=7928 kw=POINT pd= ok=1
Cmd: compileSnippet
  api=4 type=3 insize=8388 outsize=5418 kw=POINT pd= ok=1
Cmd: compileSnippet
  api=4 type=0 insize=7556 outsize=1501 kw= pd= ok=1
Cmd: compileSnippet
  api=4 type=1 insize=7556 outsize=1591 kw= pd= ok=1
Cmd: compileSnippet
  api=4 type=2 insize=7556 outsize=7928 kw= pd= ok=1
Cmd: compileSnippet
  api=4 type=3 insize=7556 outsize=5377 kw= pd= ok=1
Cmd: compileSnippet
  api=4 type=0 insize=9878 outsize=1501 kw=LIGHTMAP_OFF DIRLIGHTMAP_OFF DYNAMICLIGHTMAP_OFF HDR_LIGHT_PREPASS_OFF pd= ok=1
Cmd: compileSnippet
  api=4 type=1 insize=9878 outsize=1607 kw=LIGHTMAP_OFF DIRLIGHTMAP_OFF DYNAMICLIGHTMAP_OFF HDR_LIGHT_PREPASS_OFF pd= ok=1
Cmd: compileSnippet
  api=4 type=2 insize=9878 outsize=7928 kw=LIGHTMAP_OFF DIRLIGHTMAP_OFF DYNAMICLIGHTMAP_OFF HDR_LIGHT_PREPASS_OFF pd= ok=1
Cmd: compileSnippet
  api=4 type=3 insize=9878 outsize=5320 kw=LIGHTMAP_OFF DIRLIGHTMAP_OFF DYNAMICLIGHTMAP_OFF HDR_LIGHT_PREPASS_OFF pd= ok=1
Cmd: compileSnippet
  api=4 type=0 insize=10590 outsize=1501 kw=LIGHTMAP_OFF DIRLIGHTMAP_OFF DYNAMICLIGHTMAP_OFF HDR_LIGHT_PREPASS_OFF pd= ok=1
Cmd: compileSnippet
  api=4 type=1 insize=10590 outsize=2744 kw=LIGHTMAP_OFF DIRLIGHTMAP_OFF DYNAMICLIGHTMAP_OFF HDR_LIGHT_PREPASS_OFF pd= ok=1
Cmd: compileSnippet
  api=4 type=2 insize=10590 outsize=7928 kw=LIGHTMAP_OFF DIRLIGHTMAP_OFF DYNAMICLIGHTMAP_OFF HDR_LIGHT_PREPASS_OFF pd= ok=1
Cmd: compileSnippet
  api=4 type=3 insize=10590 outsize=6181 kw=LIGHTMAP_OFF DIRLIGHTMAP_OFF DYNAMICLIGHTMAP_OFF HDR_LIGHT_PREPASS_OFF pd= ok=1
Cmd: compileSnippet
  api=4 type=0 insize=6303 outsize=1501 kw=SHADOWS_DEPTH pd= ok=1
Cmd: compileSnippet
  api=4 type=1 insize=6303 outsize=534 kw=SHADOWS_DEPTH pd= ok=1
Cmd: compileSnippet
  api=4 type=2 insize=6303 outsize=7928 kw=SHADOWS_DEPTH pd= ok=1
Cmd: compileSnippet
  api=4 type=3 insize=6303 outsize=5223 kw=SHADOWS_DEPTH pd= ok=1
Cmd: compileSnippet
  api=4 type=0 insize=7541 outsize=1501 kw= pd= ok=1
Cmd: compileSnippet
  api=4 type=1 insize=7541 outsize=1436 kw= pd= ok=1
Cmd: compileSnippet
  api=4 type=2 insize=7541 outsize=7928 kw= pd= ok=1
Cmd: compileSnippet
  api=4 type=3 insize=7541 outsize=6279 kw= pd= ok=1
Cmd: preprocess
  insize=1063 outsize=406 ok=1
Cmd: compileSnippet
  api=4 type=0 insize=955 outsize=1006 kw= pd= ok=1
Cmd: compileSnippet
  api=4 type=1 insize=955 outsize=859 kw= pd= ok=1
Cmd: compileSnippet
  api=4 type=0 insize=954 outsize=1006 kw= pd= ok=1
Cmd: compileSnippet
  api=4 type=1 insize=954 outsize=859 kw= pd= ok=1
Cmd: preprocess
  insize=9585 outsize=798 ok=1
Cmd: compileSnippet
  api=4 type=0 insize=8995 outsize=1924 kw= pd= ok=1
Cmd: compileSnippet
  api=4 type=1 insize=8995 outsize=3216 kw= pd= ok=1
Cmd: compileSnippet
  api=4 type=0 insize=8999 outsize=2013 kw= pd= ok=1
Cmd: compileSnippet
  api=4 type=1 insize=8999 outsize=3419 kw= pd= ok=1
Cmd: compileSnippet
  api=4 type=0 insize=9019 outsize=1355 kw= pd= ok=1
Cmd: compileSnippet
  api=4 type=1 insize=9019 outsize=4979 kw= pd= ok=1
Cmd: compileSnippet
  api=4 type=0 insize=9014 outsize=1355 kw= pd= ok=1
Cmd: compileSnippet
  api=4 type=1 insize=9014 outsize=5239 kw= pd= ok=1
Cmd: compileSnippet
  api=4 type=0 insize=9018 outsize=1493 kw= pd= ok=1
Cmd: compileSnippet
  api=4 type=1 insize=9018 outsize=1518 kw= pd= ok=1
Cmd: preprocess
  insize=1624 outsize=334 ok=1
Cmd: compileSnippet
  api=4 type=0 insize=1592 outsize=1363 kw= pd= ok=1
Cmd: compileSnippet
  api=4 type=1 insize=1592 outsize=1981 kw= pd= ok=1
Cmd: preprocess
  insize=844 outsize=330 ok=1
Cmd: compileSnippet
  api=4 type=0 insize=819 outsize=1006 kw= pd= ok=1
Cmd: compileSnippet
  api=4 type=1 insize=819 outsize=1241 kw= pd= ok=1
Cmd: preprocess
  insize=926 outsize=289 ok=1
Cmd: compileSnippet
  api=4 type=0 insize=942 outsize=1006 kw= pd= ok=1
Cmd: compileSnippet
  api=4 type=1 insize=942 outsize=973 kw= pd= ok=1
Cmd: preprocess
  insize=1923 outsize=467 ok=1
Cmd: compileSnippet
  api=4 type=0 insize=1758 outsize=1006 kw= pd= ok=1
Cmd: compileSnippet
  api=4 type=1 insize=1758 outsize=1704 kw= pd= ok=1
Cmd: preprocess
  insize=1217 outsize=387 ok=1
Cmd: compileSnippet
  api=4 type=0 insize=1135 outsize=1355 kw= pd= ok=1
Cmd: compileSnippet
  api=4 type=1 insize=1135 outsize=1542 kw= pd= ok=1
Cmd: preprocess
  insize=3521 outsize=640 ok=1
Cmd: compileSnippet
  api=4 type=0 insize=3155 outsize=1006 kw= pd= ok=1
Cmd: compileSnippet
  api=4 type=1 insize=3155 outsize=1355 kw= pd= ok=1
Cmd: compileSnippet
  api=4 type=0 insize=3153 outsize=1006 kw= pd= ok=1
Cmd: compileSnippet
  api=4 type=1 insize=3153 outsize=1225 kw= pd= ok=1
Cmd: compileSnippet
  api=4 type=0 insize=3160 outsize=1006 kw= pd= ok=1
Cmd: compileSnippet
  api=4 type=1 insize=3160 outsize=2801 kw= pd= ok=1
Cmd: preprocess
  insize=1454 outsize=2248 ok=1
Cmd: compileSnippet
  api=4 type=0 insize=11161 outsize=1501 kw=DIRECTIONAL SHADOWS_OFF LIGHTMAP_OFF DIRLIGHTMAP_OFF DYNAMICLIGHTMAP_OFF pd= ok=1
Cmd: compileSnippet
  api=4 type=1 insize=11161 outsize=3516 kw=DIRECTIONAL SHADOWS_OFF LIGHTMAP_OFF DIRLIGHTMAP_OFF DYNAMICLIGHTMAP_OFF pd= ok=1
Cmd: compileSnippet
  api=4 type=2 insize=11161 outsize=7863 kw=DIRECTIONAL SHADOWS_OFF LIGHTMAP_OFF DIRLIGHTMAP_OFF DYNAMICLIGHTMAP_OFF pd= ok=1
Cmd: compileSnippet
  api=4 type=3 insize=11161 outsize=7148 kw=DIRECTIONAL SHADOWS_OFF LIGHTMAP_OFF DIRLIGHTMAP_OFF DYNAMICLIGHTMAP_OFF pd= ok=1
Cmd: compileSnippet
  api=4 type=0 insize=8556 outsize=1501 kw=POINT pd= ok=1
Cmd: compileSnippet
  api=4 type=1 insize=8556 outsize=3703 kw=POINT pd= ok=1
Cmd: compileSnippet
  api=4 type=2 insize=8556 outsize=7863 kw=POINT pd= ok=1
Cmd: compileSnippet
  api=4 type=3 insize=8556 outsize=6384 kw=POINT pd= ok=1
Cmd: compileSnippet
  api=4 type=0 insize=7724 outsize=1501 kw= pd= ok=1
Cmd: compileSnippet
  api=4 type=1 insize=7724 outsize=1591 kw= pd= ok=1
Cmd: compileSnippet
  api=4 type=2 insize=7724 outsize=7863 kw= pd= ok=1
Cmd: compileSnippet
  api=4 type=3 insize=7724 outsize=6344 kw= pd= ok=1
Cmd: compileSnippet
  api=4 type=0 insize=10046 outsize=1501 kw=LIGHTMAP_OFF DIRLIGHTMAP_OFF DYNAMICLIGHTMAP_OFF HDR_LIGHT_PREPASS_OFF pd= ok=1
Cmd: compileSnippet
  api=4 type=1 insize=10046 outsize=1607 kw=LIGHTMAP_OFF DIRLIGHTMAP_OFF DYNAMICLIGHTMAP_OFF HDR_LIGHT_PREPASS_OFF pd= ok=1
Cmd: compileSnippet
  api=4 type=2 insize=10046 outsize=7863 kw=LIGHTMAP_OFF DIRLIGHTMAP_OFF DYNAMICLIGHTMAP_OFF HDR_LIGHT_PREPASS_OFF pd= ok=1
Cmd: compileSnippet
  api=4 type=3 insize=10046 outsize=6287 kw=LIGHTMAP_OFF DIRLIGHTMAP_OFF DYNAMICLIGHTMAP_OFF HDR_LIGHT_PREPASS_OFF pd= ok=1
Cmd: compileSnippet
  api=4 type=0 insize=10758 outsize=1501 kw=LIGHTMAP_OFF DIRLIGHTMAP_OFF DYNAMICLIGHTMAP_OFF HDR_LIGHT_PREPASS_OFF pd= ok=1
Cmd: compileSnippet
  api=4 type=1 insize=10758 outsize=2744 kw=LIGHTMAP_OFF DIRLIGHTMAP_OFF DYNAMICLIGHTMAP_OFF HDR_LIGHT_PREPASS_OFF pd= ok=1
Cmd: compileSnippet
  api=4 type=2 insize=10758 outsize=7863 kw=LIGHTMAP_OFF DIRLIGHTMAP_OFF DYNAMICLIGHTMAP_OFF HDR_LIGHT_PREPASS_OFF pd= ok=1
Cmd: compileSnippet
  api=4 type=3 insize=10758 outsize=7148 kw=LIGHTMAP_OFF DIRLIGHTMAP_OFF DYNAMICLIGHTMAP_OFF HDR_LIGHT_PREPASS_OFF pd= ok=1
Cmd: compileSnippet
  api=4 type=0 insize=6471 outsize=1501 kw=SHADOWS_DEPTH pd= ok=1
Cmd: compileSnippet
  api=4 type=1 insize=6471 outsize=534 kw=SHADOWS_DEPTH pd= ok=1
Cmd: compileSnippet
  api=4 type=2 insize=6471 outsize=7863 kw=SHADOWS_DEPTH pd= ok=1
Cmd: compileSnippet
  api=4 type=3 insize=6471 outsize=5954 kw=SHADOWS_DEPTH pd= ok=1
Cmd: compileSnippet
  api=4 type=0 insize=7709 outsize=1501 kw= pd= ok=1
Cmd: compileSnippet
  api=4 type=1 insize=7709 outsize=1436 kw= pd= ok=1
Cmd: compileSnippet
  api=4 type=2 insize=7709 outsize=7863 kw= pd= ok=1
Cmd: compileSnippet
  api=4 type=3 insize=7709 outsize=7246 kw= pd= ok=1
Cmd: preprocess
  insize=1164 outsize=384 ok=1
Cmd: compileSnippet
  api=4 type=0 insize=1085 outsize=1006 kw= pd= ok=1
Cmd: compileSnippet
  api=4 type=1 insize=1085 outsize=1973 kw= pd= ok=1
Cmd: preprocess
  insize=6511 outsize=781 ok=1
Cmd: compileSnippet
  api=4 type=0 insize=1952 outsize=1225 kw= pd= ok=1
Cmd: compileSnippet
  api=4 type=1 insize=1952 outsize=12251 kw= pd= ok=1
Cmd: compileSnippet
  api=4 type=0 insize=2216 outsize=1225 kw= pd= ok=1
Cmd: compileSnippet
  api=4 type=1 insize=2216 outsize=20148 kw= pd= ok=1
Cmd: compileSnippet
  api=4 type=0 insize=2722 outsize=1225 kw= pd= ok=1
Cmd: compileSnippet
  api=4 type=1 insize=2722 outsize=35943 kw= pd= ok=1
Cmd: compileSnippet
  error: 1 plat 4 at (228): 's': loop control variable conflicts with a previous declaration in the outer scope; most recent declaration will be used\nCompiling Vertex program
  api=4 type=0 insize=2998 outsize=1087 kw= pd= ok=1
Cmd: compileSnippet
  error: 1 plat 4 at (228): 's': loop control variable conflicts with a previous declaration in the outer scope; most recent declaration will be used\nCompiling Fragment program
  api=4 type=1 insize=2998 outsize=4028 kw= pd= ok=1
Cmd: compileSnippet
  api=4 type=0 insize=1938 outsize=1119 kw= pd= ok=1
Cmd: compileSnippet
  api=4 type=1 insize=1938 outsize=1111 kw= pd= ok=1
Cmd: preprocess
  insize=1097 outsize=289 ok=1
Cmd: compileSnippet
  api=4 type=0 insize=1113 outsize=1753 kw= pd= ok=1
Cmd: compileSnippet
  api=4 type=1 insize=1113 outsize=1412 kw= pd= ok=1
Cmd: preprocess
  insize=1044 outsize=1035 ok=1
Cmd: compileSnippet
  api=4 type=0 insize=6892 outsize=3281 kw=DIRECTIONAL SHADOWS_OFF LIGHTMAP_OFF DIRLIGHTMAP_OFF DYNAMICLIGHTMAP_OFF pd= ok=1
Cmd: compileSnippet
  api=4 type=1 insize=6892 outsize=1469 kw=DIRECTIONAL SHADOWS_OFF LIGHTMAP_OFF DIRLIGHTMAP_OFF DYNAMICLIGHTMAP_OFF pd= ok=1
Cmd: compileSnippet
  api=4 type=0 insize=3944 outsize=2753 kw=POINT pd= ok=1
Cmd: compileSnippet
  api=4 type=1 insize=3944 outsize=2151 kw=POINT pd= ok=1
Cmd: compileSnippet
  api=4 type=0 insize=3411 outsize=2103 kw= pd= ok=1
Cmd: compileSnippet
  api=4 type=1 insize=3411 outsize=1266 kw= pd= ok=1
Cmd: preprocess
  insize=2413 outsize=753 ok=1
Cmd: compileSnippet
  api=4 type=0 insize=1931 outsize=1355 kw= pd= ok=1
Cmd: compileSnippet
  api=4 type=1 insize=1931 outsize=1217 kw= pd= ok=1
Cmd: compileSnippet
  api=4 type=0 insize=1928 outsize=1355 kw= pd= ok=1
Cmd: compileSnippet
  api=4 type=1 insize=1928 outsize=949 kw= pd= ok=1
Cmd: compileSnippet
  api=4 type=0 insize=1941 outsize=1656 kw= pd= ok=1
Cmd: compileSnippet
  api=4 type=1 insize=1941 outsize=1323 kw= pd= ok=1
Cmd: compileSnippet
  api=4 type=0 insize=1940 outsize=1355 kw= pd= ok=1
Cmd: compileSnippet
  api=4 type=1 insize=1940 outsize=868 kw= pd= ok=1
Cmd: preprocess
  insize=883 outsize=277 ok=1
Cmd: compileSnippet
  api=4 type=0 insize=911 outsize=1006 kw= pd= ok=1
Cmd: compileSnippet
  api=4 type=1 insize=911 outsize=1006 kw= pd= ok=1
Cmd: preprocess
  insize=1314 outsize=362 ok=1
Cmd: compileSnippet
  api=4 type=0 insize=1251 outsize=1469 kw= pd= ok=1
Cmd: compileSnippet
  api=4 type=1 insize=1251 outsize=1453 kw= pd= ok=1
Cmd: preprocess
  insize=1353 outsize=326 ok=1
Cmd: compileSnippet
  api=4 type=0 insize=1333 outsize=1802 kw= pd= ok=1
Cmd: compileSnippet
  api=4 type=1 insize=1333 outsize=1347 kw= pd= ok=1
Cmd: preprocess
  insize=1188 outsize=255 ok=1
Cmd: compileSnippet
  api=4 type=0 insize=1238 outsize=1843 kw= pd= ok=1
Cmd: compileSnippet
  api=4 type=1 insize=1238 outsize=1371 kw= pd= ok=1
Cmd: preprocess
  insize=1344 outsize=330 ok=1
Cmd: compileSnippet
  api=4 type=0 insize=1316 outsize=1363 kw= pd= ok=1
Cmd: compileSnippet
  api=4 type=1 insize=1316 outsize=1518 kw= pd= ok=1
Cmd: preprocess
  insize=1193 outsize=303 ok=1
Cmd: compileSnippet
  api=4 type=0 insize=1194 outsize=1314 kw= pd= ok=1
Cmd: compileSnippet
  api=4 type=1 insize=1194 outsize=1444 kw= pd= ok=1
Cmd: preprocess
  insize=2235 outsize=619 ok=1
Cmd: compileSnippet
  api=4 type=0 insize=1922 outsize=1444 kw= pd= ok=1
Cmd: compileSnippet
  api=4 type=1 insize=1922 outsize=3224 kw= pd= ok=1
Cmd: preprocess
  insize=902 outsize=252 ok=1
Cmd: compileSnippet
  api=4 type=0 insize=950 outsize=1071 kw= pd= ok=1
Cmd: compileSnippet
  api=4 type=1 insize=950 outsize=1233 kw= pd= ok=1
Cmd: preprocess
  insize=636 outsize=302 ok=1
Cmd: compileSnippet
  api=4 type=0 insize=634 outsize=1006 kw= pd= ok=1
Cmd: compileSnippet
  api=4 type=1 insize=634 outsize=1071 kw= pd= ok=1
Cmd: preprocess
  insize=6131 outsize=973 ok=1
Cmd: compileSnippet
  api=4 type=0 insize=5399 outsize=1314 kw= pd= ok=1
Cmd: compileSnippet
  api=4 type=1 insize=5399 outsize=892 kw= pd= ok=1
Cmd: compileSnippet
  api=4 type=0 insize=5406 outsize=1599 kw= pd= ok=1
Cmd: compileSnippet
  api=4 type=1 insize=5406 outsize=1534 kw= pd= ok=1
Cmd: compileSnippet
  api=4 type=0 insize=5410 outsize=1412 kw= pd= ok=1
Cmd: compileSnippet
  api=4 type=1 insize=5410 outsize=1534 kw= pd= ok=1
Cmd: compileSnippet
  api=4 type=0 insize=5411 outsize=1412 kw= pd= ok=1
Cmd: compileSnippet
  api=4 type=1 insize=5411 outsize=1534 kw= pd= ok=1
Cmd: compileSnippet
  api=4 type=0 insize=5415 outsize=1769 kw= pd= ok=1
Cmd: compileSnippet
  api=4 type=1 insize=5415 outsize=1802 kw= pd= ok=1
Cmd: compileSnippet
  api=4 type=0 insize=5416 outsize=1769 kw= pd= ok=1
Cmd: compileSnippet
  api=4 type=1 insize=5416 outsize=1802 kw= pd= ok=1
Cmd: preprocess
  insize=32573 outsize=255 ok=1
Cmd: compileSnippet
  api=4 type=0 insize=32620 outsize=1006 kw= pd= ok=1
Cmd: compileSnippet
  api=4 type=1 insize=32620 outsize=10764 kw= pd= ok=1
Cmd: preprocess
  insize=1154 outsize=242 ok=1
Cmd: compileSnippet
  api=4 type=0 insize=1214 outsize=1274 kw= pd= ok=1
Cmd: compileSnippet
  api=4 type=1 insize=1214 outsize=1453 kw= pd= ok=1
Cmd: preprocess
  insize=4293 outsize=504 ok=1
Cmd: compileSnippet
  api=4 type=0 insize=3976 outsize=1859 kw= pd= ok=1
Cmd: compileSnippet
  api=4 type=1 insize=3976 outsize=3500 kw= pd= ok=1
Cmd: compileSnippet
  api=4 type=0 insize=3977 outsize=1859 kw= pd= ok=1
Cmd: compileSnippet
  api=4 type=1 insize=3977 outsize=2549 kw= pd= ok=1
Cmd: compileSnippet
  api=4 type=0 insize=3977 outsize=1859 kw= pd= ok=1
Cmd: compileSnippet
  api=4 type=1 insize=3977 outsize=3134 kw= pd= ok=1
Cmd: preprocess
  insize=992 outsize=248 ok=1
Cmd: compileSnippet
  api=4 type=0 insize=1045 outsize=1550 kw= pd= ok=1
Cmd: compileSnippet
  api=4 type=1 insize=1045 outsize=1160 kw= pd= ok=1
Cmd: preprocess
  insize=4770 outsize=1779 ok=1
Cmd: compileSnippet
  api=4 type=0 insize=3198 outsize=1355 kw= pd= ok=1
Cmd: compileSnippet
  api=4 type=1 insize=3198 outsize=1176 kw= pd= ok=1
Cmd: compileSnippet
  api=4 type=0 insize=3195 outsize=1355 kw= pd= ok=1
Cmd: compileSnippet
  api=4 type=1 insize=3195 outsize=949 kw= pd= ok=1
Cmd: compileSnippet
  api=4 type=0 insize=3211 outsize=1769 kw= pd= ok=1
Cmd: compileSnippet
  api=4 type=1 insize=3211 outsize=1444 kw= pd= ok=1
Cmd: compileSnippet
  api=4 type=0 insize=3203 outsize=1355 kw= pd= ok=1
Cmd: compileSnippet
  api=4 type=1 insize=3203 outsize=868 kw= pd= ok=1
Cmd: compileSnippet
  api=4 type=0 insize=3203 outsize=1355 kw= pd= ok=1
Cmd: compileSnippet
  api=4 type=1 insize=3203 outsize=1176 kw= pd= ok=1
Cmd: compileSnippet
  api=4 type=0 insize=3200 outsize=1355 kw= pd= ok=1
Cmd: compileSnippet
  api=4 type=1 insize=3200 outsize=949 kw= pd= ok=1
Cmd: compileSnippet
  api=4 type=0 insize=3212 outsize=1769 kw= pd= ok=1
Cmd: compileSnippet
  api=4 type=1 insize=3212 outsize=1371 kw= pd= ok=1
Cmd: compileSnippet
  api=4 type=0 insize=3205 outsize=1355 kw= pd= ok=1
Cmd: compileSnippet
  api=4 type=1 insize=3205 outsize=786 kw= pd= ok=1
Cmd: compileSnippet
  api=4 type=0 insize=3197 outsize=1355 kw= pd= ok=1
Cmd: compileSnippet
  api=4 type=1 insize=3197 outsize=575 kw= pd= ok=1
Cmd: compileSnippet
  api=4 type=0 insize=3201 outsize=1355 kw= pd= ok=1
Cmd: compileSnippet
  api=4 type=1 insize=3201 outsize=778 kw= pd= ok=1
Cmd: compileSnippet
  api=4 type=0 insize=3196 outsize=1355 kw= pd= ok=1
Cmd: compileSnippet
  api=4 type=1 insize=3196 outsize=664 kw= pd= ok=1
Cmd: preprocess
  insize=12787 outsize=1859 ok=1
Cmd: compileSnippet
  api=4 type=0 insize=11105 outsize=1006 kw= pd= ok=1
Cmd: compileSnippet
  api=4 type=1 insize=11105 outsize=2176 kw= pd= ok=1
Cmd: compileSnippet
  api=4 type=0 insize=11096 outsize=1006 kw= pd= ok=1
Cmd: compileSnippet
  api=4 type=1 insize=11096 outsize=859 kw= pd= ok=1
Cmd: compileSnippet
  api=4 type=0 insize=11098 outsize=1006 kw= pd= ok=1
Cmd: compileSnippet
  api=4 type=1 insize=11098 outsize=1932 kw= pd= ok=1
Cmd: compileSnippet
  api=4 type=0 insize=11103 outsize=1006 kw= pd= ok=1
Cmd: compileSnippet
  api=4 type=1 insize=11103 outsize=3719 kw= pd= ok=1
Cmd: compileSnippet
  api=4 type=0 insize=11113 outsize=1006 kw= pd= ok=1
Cmd: compileSnippet
  api=4 type=1 insize=11113 outsize=5897 kw= pd= ok=1
Cmd: compileSnippet
  api=4 type=0 insize=11100 outsize=1006 kw= pd= ok=1
Cmd: compileSnippet
  api=4 type=1 insize=11100 outsize=1631 kw= pd= ok=1
Cmd: compileSnippet
  api=4 type=0 insize=11106 outsize=1006 kw= pd= ok=1
Cmd: compileSnippet
  api=4 type=1 insize=11106 outsize=3029 kw= pd= ok=1
Cmd: compileSnippet
  api=4 type=0 insize=11112 outsize=1006 kw= pd= ok=1
Cmd: compileSnippet
  api=4 type=1 insize=11112 outsize=9293 kw= pd= ok=1
Cmd: preprocess
  insize=963 outsize=333 ok=1
Cmd: compileSnippet
  api=4 type=0 insize=935 outsize=1006 kw= pd= ok=1
Cmd: compileSnippet
  api=4 type=1 insize=935 outsize=1054 kw= pd= ok=1
Cmd: preprocess
  insize=6023 outsize=731 ok=1
Cmd: compileSnippet
  api=4 type=0 insize=5294 outsize=1875 kw= pd= ok=1
Cmd: compileSnippet
  api=4 type=1 insize=5294 outsize=4394 kw= pd= ok=1
Cmd: compileSnippet
  api=4 type=0 insize=5302 outsize=1875 kw= pd= ok=1
Cmd: compileSnippet
  api=4 type=1 insize=5302 outsize=3508 kw= pd= ok=1
Cmd: compileSnippet
  api=4 type=0 insize=5296 outsize=1875 kw= pd= ok=1
Cmd: compileSnippet
  api=4 type=1 insize=5296 outsize=3524 kw= pd= ok=1
Cmd: compileSnippet
  api=4 type=0 insize=5307 outsize=1875 kw= pd= ok=1
Cmd: compileSnippet
  api=4 type=1 insize=5307 outsize=2704 kw= pd= ok=1
Cmd: compileSnippet
  api=4 type=0 insize=5302 outsize=1875 kw= pd= ok=1
Cmd: compileSnippet
  api=4 type=1 insize=5302 outsize=1924 kw= pd= ok=1
Cmd: preprocess
  insize=2690 outsize=761 ok=1
Cmd: compileSnippet
  api=4 type=0 insize=2202 outsize=1444 kw= pd= ok=1
Cmd: compileSnippet
  api=4 type=1 insize=2202 outsize=949 kw= pd= ok=1
Cmd: compileSnippet
  api=4 type=0 insize=2202 outsize=1444 kw= pd= ok=1
Cmd: compileSnippet
  api=4 type=1 insize=2202 outsize=1176 kw= pd= ok=1
Cmd: compileSnippet
  api=4 type=0 insize=2206 outsize=1444 kw= pd= ok=1
Cmd: compileSnippet
  api=4 type=1 insize=2206 outsize=989 kw= pd= ok=1
Cmd: compileSnippet
  api=4 type=0 insize=2205 outsize=1444 kw= pd= ok=1
Cmd: compileSnippet
  api=4 type=1 insize=2205 outsize=1989 kw= pd= ok=1
Cmd: compileSnippet
  api=4 type=0 insize=2208 outsize=1444 kw= pd= ok=1
Cmd: compileSnippet
  api=4 type=1 insize=2208 outsize=1071 kw= pd= ok=1
Cmd: preprocess
  insize=10773 outsize=2532 ok=1
Cmd: compileSnippet
  api=4 type=0 insize=8468 outsize=1314 kw= pd= ok=1
Cmd: compileSnippet
  api=4 type=1 insize=8468 outsize=4475 kw= pd= ok=1
Cmd: compileSnippet
  api=4 type=0 insize=8473 outsize=1314 kw= pd= ok=1
Cmd: compileSnippet
  api=4 type=1 insize=8473 outsize=2452 kw= pd= ok=1
Cmd: compileSnippet
  api=4 type=0 insize=8472 outsize=1314 kw= pd= ok=1
Cmd: compileSnippet
  api=4 type=1 insize=8472 outsize=892 kw= pd= ok=1
Cmd: compileSnippet
  api=4 type=0 insize=8476 outsize=1314 kw= pd= ok=1
Cmd: compileSnippet
  api=4 type=1 insize=8476 outsize=1745 kw= pd= ok=1
Cmd: compileSnippet
  api=4 type=0 insize=8475 outsize=1314 kw= pd= ok=1
Cmd: compileSnippet
  api=4 type=1 insize=8475 outsize=1347 kw= pd= ok=1
Cmd: preprocess
  insize=2486 outsize=1156 ok=1
Cmd: preprocess
  insize=12423 outsize=2312 ok=1
Cmd: compileSnippet
  api=4 type=0 insize=10185 outsize=1006 kw= pd= ok=1
Cmd: compileSnippet
  api=4 type=1 insize=10185 outsize=1193 kw= pd= ok=1
Cmd: compileSnippet
  api=4 type=0 insize=10184 outsize=1006 kw= pd= ok=1
Cmd: compileSnippet
  api=4 type=1 insize=10184 outsize=1631 kw= pd= ok=1
Cmd: compileSnippet
  api=4 type=0 insize=10184 outsize=1006 kw= pd= ok=1
Cmd: compileSnippet
  api=4 type=1 insize=10184 outsize=1704 kw= pd= ok=1
Cmd: compileSnippet
  api=4 type=0 insize=10166 outsize=1006 kw= pd= ok=1
Cmd: compileSnippet
  api=4 type=1 insize=10166 outsize=1225 kw= pd= ok=1
Cmd: compileSnippet
  api=4 type=0 insize=10185 outsize=1006 kw= pd= ok=1
Cmd: compileSnippet
  api=4 type=1 insize=10185 outsize=1355 kw= pd= ok=1
Cmd: compileSnippet
  api=4 type=0 insize=10166 outsize=1006 kw= pd= ok=1
Cmd: compileSnippet
  api=4 type=1 insize=10166 outsize=1623 kw= pd= ok=1
Cmd: compileSnippet
  api=4 type=0 insize=10211 outsize=1363 kw= pd= ok=1
Cmd: compileSnippet
  api=4 type=1 insize=10211 outsize=1867 kw= pd= ok=1
Cmd: compileSnippet
  api=4 type=0 insize=10165 outsize=1006 kw= pd= ok=1
Cmd: compileSnippet
  api=4 type=1 insize=10165 outsize=526 kw= pd= ok=1
Cmd: compileSnippet
  api=4 type=0 insize=10169 outsize=1006 kw= pd= ok=1
Cmd: compileSnippet
  api=4 type=1 insize=10169 outsize=616 kw= pd= ok=1
Cmd: compileSnippet
  api=4 type=0 insize=10191 outsize=2176 kw= pd= ok=1
Cmd: compileSnippet
  api=4 type=1 insize=10191 outsize=3281 kw= pd= ok=1
Cmd: compileSnippet
  api=4 type=0 insize=10185 outsize=2176 kw= pd= ok=1
Cmd: compileSnippet
  api=4 type=1 insize=10185 outsize=3443 kw= pd= ok=1
Cmd: compileSnippet
  api=4 type=0 insize=10191 outsize=2176 kw= pd= ok=1
Cmd: compileSnippet
  api=4 type=1 insize=10191 outsize=3281 kw= pd= ok=1
Cmd: preprocess
  insize=1909 outsize=438 ok=1
Cmd: compileSnippet
  api=4 type=0 insize=1746 outsize=1006 kw= pd= ok=1
Cmd: compileSnippet
  api=4 type=1 insize=1746 outsize=1615 kw= pd= ok=1
Cmd: compileSnippet
  api=4 type=0 insize=1759 outsize=1006 kw= pd= ok=1
Cmd: compileSnippet
  api=4 type=1 insize=1759 outsize=1916 kw= pd= ok=1
Cmd: preprocess
  insize=1357 outsize=642 ok=1
Cmd: compileSnippet
  api=4 type=0 insize=1021 outsize=1769 kw= pd= ok=1
Cmd: compileSnippet
  api=4 type=1 insize=1021 outsize=518 kw= pd= ok=1
Cmd: preprocess
  insize=1530 outsize=277 ok=1
Cmd: compileSnippet
  api=4 type=0 insize=1558 outsize=1753 kw= pd= ok=1
Cmd: compileSnippet
  api=4 type=1 insize=1558 outsize=2371 kw= pd= ok=1
Cmd: preprocess
  insize=23968 outsize=4108 ok=1
Cmd: compileSnippet
  api=4 type=0 insize=19214 outsize=1314 kw= pd= ok=1
Cmd: compileSnippet
  api=4 type=1 insize=19214 outsize=1436 kw= pd= ok=1
Cmd: compileSnippet
  api=4 type=0 insize=19220 outsize=2111 kw= pd= ok=1
Cmd: compileSnippet
  api=4 type=1 insize=19220 outsize=3931 kw= pd= ok=1
Cmd: compileSnippet
  api=4 type=0 insize=19223 outsize=2111 kw= pd= ok=1
Cmd: compileSnippet
  api=4 type=1 insize=19223 outsize=7587 kw= pd= ok=1
Cmd: compileSnippet
  api=4 type=0 insize=19202 outsize=1314 kw= pd= ok=1
Cmd: compileSnippet
  api=4 type=1 insize=19202 outsize=664 kw= pd= ok=1
Cmd: compileSnippet
  api=4 type=0 insize=19218 outsize=1314 kw= pd= ok=1
Cmd: compileSnippet
  api=4 type=1 insize=19218 outsize=1428 kw= pd= ok=1
Cmd: compileSnippet
  api=4 type=0 insize=19205 outsize=1314 kw= pd= ok=1
Cmd: compileSnippet
  api=4 type=1 insize=19205 outsize=2574 kw= pd= ok=1
Cmd: compileSnippet
  api=4 type=0 insize=19216 outsize=1314 kw= pd= ok=1
Cmd: compileSnippet
  api=4 type=1 insize=19216 outsize=2111 kw= pd= ok=1
Cmd: compileSnippet
  api=4 type=0 insize=19212 outsize=1314 kw= pd= ok=1
Cmd: compileSnippet
  api=4 type=1 insize=19212 outsize=843 kw= pd= ok=1
Cmd: compileSnippet
  api=4 type=0 insize=19222 outsize=1314 kw= pd= ok=1
Cmd: compileSnippet
  api=4 type=1 insize=19222 outsize=1501 kw= pd= ok=1
Cmd: compileSnippet
  api=4 type=0 insize=19215 outsize=1314 kw= pd= ok=1
Cmd: compileSnippet
  api=4 type=1 insize=19215 outsize=1233 kw= pd= ok=1
Cmd: compileSnippet
  api=4 type=0 insize=19222 outsize=1314 kw= pd= ok=1
Cmd: compileSnippet
  api=4 type=1 insize=19222 outsize=1818 kw= pd= ok=1
Cmd: compileSnippet
  api=4 type=0 insize=19210 outsize=1314 kw= pd= ok=1
Cmd: compileSnippet
  error: 1 plat 4 at (92): gradient-based operations must be moved out of flow control to prevent divergence. Performance may improve by using a non-gradient operation\nCompiling Fragment program
  error: 1 plat 4 at (168): gradient-based operations must be moved out of flow control to prevent divergence. Performance may improve by using a non-gradient operation\nCompiling Fragment program
  api=4 type=1 insize=19210 outsize=3102 kw= pd= ok=1
Cmd: compileSnippet
  api=4 type=0 insize=19219 outsize=1314 kw= pd= ok=1
Cmd: compileSnippet
  api=4 type=1 insize=19219 outsize=3500 kw= pd= ok=1
Cmd: compileSnippet
  api=4 type=0 insize=19206 outsize=1314 kw= pd= ok=1
Cmd: compileSnippet
  api=4 type=1 insize=19206 outsize=1558 kw= pd= ok=1
Cmd: compileSnippet
  api=4 type=0 insize=19220 outsize=1314 kw= pd= ok=1
Cmd: compileSnippet
  api=4 type=1 insize=19220 outsize=1046 kw= pd= ok=1
Cmd: compileSnippet
  api=4 type=0 insize=19211 outsize=1314 kw= pd= ok=1
Cmd: compileSnippet
  api=4 type=1 insize=19211 outsize=1404 kw= pd= ok=1
Cmd: compileSnippet
  api=4 type=0 insize=19206 outsize=1314 kw= pd= ok=1
Cmd: compileSnippet
  api=4 type=1 insize=19206 outsize=859 kw= pd= ok=1
Cmd: compileSnippet
  api=4 type=0 insize=19210 outsize=1314 kw= pd= ok=1
Cmd: compileSnippet
  error: 1 plat 4 at (97): gradient-based operations must be moved out of flow control to prevent divergence. Performance may improve by using a non-gradient operation\nCompiling Fragment program
  error: 1 plat 4 at (200): gradient-based operations must be moved out of flow control to prevent divergence. Performance may improve by using a non-gradient operation\nCompiling Fragment program
  api=4 type=1 insize=19210 outsize=3858 kw= pd= ok=1
Cmd: compileSnippet
  api=4 type=0 insize=19219 outsize=1314 kw= pd= ok=1
Cmd: compileSnippet
  api=4 type=1 insize=19219 outsize=3760 kw= pd= ok=1
Cmd: compileSnippet
  api=4 type=0 insize=19228 outsize=2111 kw= pd= ok=1
Cmd: compileSnippet
  api=4 type=1 insize=19228 outsize=4670 kw= pd= ok=1
Cmd: compileSnippet
  api=4 type=0 insize=19207 outsize=1314 kw= pd= ok=1
Cmd: compileSnippet
  api=4 type=1 insize=19207 outsize=778 kw= pd= ok=1
Cmd: compileSnippet
  api=4 type=0 insize=19209 outsize=1314 kw= pd= ok=1
Cmd: compileSnippet
  api=4 type=1 insize=19209 outsize=2574 kw= pd= ok=1
Cmd: compileSnippet
  api=4 type=0 insize=19225 outsize=1314 kw= pd= ok=1
Cmd: compileSnippet
  api=4 type=1 insize=19225 outsize=664 kw= pd= ok=1
Cmd: preprocess
  insize=3938 outsize=531 ok=1
Cmd: compileSnippet
  api=4 type=0 insize=3713 outsize=1753 kw= pd= ok=1
Cmd: compileSnippet
  api=4 type=1 insize=3713 outsize=3305 kw= pd= ok=1
Cmd: compileSnippet
  api=4 type=0 insize=3725 outsize=1753 kw= pd= ok=1
Cmd: compileSnippet
  api=4 type=1 insize=3725 outsize=1794 kw= pd= ok=1
Cmd: compileSnippet
  api=4 type=0 insize=3716 outsize=1753 kw= pd= ok=1
Cmd: compileSnippet
  api=4 type=1 insize=3716 outsize=2395 kw= pd= ok=1
Cmd: preprocess
  insize=1675 outsize=280 ok=1
Cmd: compileSnippet
  api=4 type=0 insize=1697 outsize=1729 kw= pd= ok=1
Cmd: compileSnippet
  api=4 type=1 insize=1697 outsize=4629 kw= pd= ok=1
Cmd: preprocess
  insize=965 outsize=333 ok=1
Cmd: compileSnippet
  api=4 type=0 insize=934 outsize=1006 kw= pd= ok=1
Cmd: compileSnippet
  api=4 type=1 insize=934 outsize=1298 kw= pd= ok=1
Cmd: preprocess
  insize=1082 outsize=404 ok=1
Cmd: compileSnippet
  api=4 type=0 insize=951 outsize=1006 kw= pd= ok=1
Cmd: compileSnippet
  api=4 type=1 insize=951 outsize=965 kw= pd= ok=1
Cmd: compileSnippet
  api=4 type=0 insize=957 outsize=1006 kw= pd= ok=1
Cmd: compileSnippet
  api=4 type=1 insize=957 outsize=1022 kw= pd= ok=1
Cmd: preprocess
  insize=673 outsize=248 ok=1
Cmd: compileSnippet
  api=4 type=0 insize=724 outsize=1006 kw= pd= ok=1
Cmd: compileSnippet
  api=4 type=1 insize=724 outsize=835 kw= pd= ok=1
Cmd: preprocess
  insize=5564 outsize=855 ok=1
Cmd: compileSnippet
  api=4 type=0 insize=4897 outsize=1574 kw= pd= ok=1
Cmd: compileSnippet
  api=4 type=1 insize=4897 outsize=2151 kw= pd= ok=1
Cmd: compileSnippet
  api=4 type=0 insize=4899 outsize=1574 kw= pd= ok=1
Cmd: compileSnippet
  api=4 type=1 insize=4899 outsize=1656 kw= pd= ok=1
Cmd: compileSnippet
  api=4 type=0 insize=4903 outsize=1574 kw= pd= ok=1
Cmd: compileSnippet
  api=4 type=1 insize=4903 outsize=1818 kw= pd= ok=1
Cmd: compileSnippet
  api=4 type=0 insize=4912 outsize=1006 kw= pd= ok=1
Cmd: compileSnippet
  api=4 type=1 insize=4912 outsize=1054 kw= pd= ok=1
Cmd: compileSnippet
  api=4 type=0 insize=4893 outsize=1574 kw= pd= ok=1
Cmd: compileSnippet
  api=4 type=1 insize=4893 outsize=2151 kw= pd= ok=1
Cmd: preprocess
  insize=5171 outsize=737 ok=1
Cmd: compileSnippet
  api=4 type=0 insize=4605 outsize=1006 kw= pd= ok=1
Cmd: compileSnippet
  api=4 type=1 insize=4605 outsize=1201 kw= pd= ok=1
Cmd: compileSnippet
  api=4 type=0 insize=4609 outsize=2151 kw= pd= ok=1
Cmd: compileSnippet
  api=4 type=1 insize=4609 outsize=1851 kw= pd= ok=1
Cmd: compileSnippet
  api=4 type=0 insize=4619 outsize=2159 kw= pd= ok=1
Cmd: compileSnippet
  api=4 type=1 insize=4619 outsize=2753 kw= pd= ok=1
Cmd: compileSnippet
  api=4 type=0 insize=4614 outsize=2159 kw= pd= ok=1
Cmd: compileSnippet
  api=4 type=1 insize=4614 outsize=2419 kw= pd= ok=1
Cmd: compileSnippet
  api=4 type=0 insize=4620 outsize=1753 kw= pd= ok=1
Cmd: compileSnippet
  api=4 type=1 insize=4620 outsize=2371 kw= pd= ok=1
Cmd: preprocess
  insize=520 outsize=341 ok=1
Cmd: compileSnippet
  api=4 type=0 insize=481 outsize=1006 kw= pd= ok=1
Cmd: compileSnippet
  api=4 type=1 insize=481 outsize=1274 kw= pd= ok=1
Cmd: preprocess
  insize=6414 outsize=902 ok=1
Cmd: compileSnippet
  api=4 type=0 insize=5582 outsize=1314 kw= pd= ok=1
Cmd: compileSnippet
  api=4 type=1 insize=5582 outsize=811 kw= pd= ok=1
Cmd: compileSnippet
  api=4 type=0 insize=5581 outsize=1314 kw= pd= ok=1
Cmd: compileSnippet
  api=4 type=1 insize=5581 outsize=908 kw= pd= ok=1
Cmd: compileSnippet
  api=4 type=0 insize=5575 outsize=1314 kw= pd= ok=1
Cmd: compileSnippet
  api=4 type=1 insize=5575 outsize=2639 kw= pd= ok=1
Cmd: compileSnippet
  api=4 type=0 insize=5574 outsize=1314 kw= pd= ok=1
Cmd: compileSnippet
  api=4 type=1 insize=5574 outsize=2793 kw= pd= ok=1
Cmd: compileSnippet
  api=4 type=0 insize=5577 outsize=1314 kw= pd= ok=1
Cmd: compileSnippet
  api=4 type=1 insize=5577 outsize=2907 kw= pd= ok=1
Cmd: compileSnippet
  api=4 type=0 insize=5576 outsize=1314 kw= pd= ok=1
Cmd: compileSnippet
  api=4 type=1 insize=5576 outsize=2964 kw= pd= ok=1
Cmd: compileSnippet
  api=4 type=0 insize=5578 outsize=1314 kw= pd= ok=1
Cmd: compileSnippet
  api=4 type=1 insize=5578 outsize=1014 kw= pd= ok=1
Cmd: preprocess
  insize=1306 outsize=373 ok=1
Cmd: compileSnippet
  api=4 type=0 insize=1235 outsize=1599 kw= pd= ok=1
Cmd: compileSnippet
  api=4 type=1 insize=1235 outsize=1168 kw= pd= ok=1
Cmd: preprocess
  insize=32583 outsize=255 ok=1
Cmd: compileSnippet
  api=4 type=0 insize=32630 outsize=1006 kw= pd= ok=1
Cmd: compileSnippet
  api=4 type=1 insize=32630 outsize=10699 kw= pd= ok=1
Cmd: preprocess
  insize=5175 outsize=1721 ok=1
Cmd: compileSnippet
  api=4 type=0 insize=3758 outsize=1769 kw= pd= ok=1
Cmd: compileSnippet
  api=4 type=1 insize=3758 outsize=6961 kw= pd= ok=1
Cmd: preprocess
  insize=6737 outsize=236 ok=1
Cmd: compileSnippet
  api=4 type=0 insize=6803 outsize=1396 kw= pd= ok=1
Cmd: compileSnippet
  api=4 type=1 insize=6803 outsize=4434 kw= pd= ok=1
Cmd: preprocess
  insize=4310 outsize=418 ok=1
Cmd: compileSnippet
  api=4 type=0 insize=4146 outsize=2216 kw= pd= ok=1
Cmd: compileSnippet
  api=4 type=1 insize=4146 outsize=7043 kw= pd= ok=1
Cmd: compileSnippet
  api=4 type=0 insize=4151 outsize=2216 kw= pd= ok=1
Cmd: compileSnippet
  api=4 type=1 insize=4151 outsize=6108 kw= pd= ok=1
Cmd: preprocess
  insize=4608 outsize=887 ok=1
Cmd: compileSnippet
  api=4 type=0 insize=3943 outsize=1314 kw= pd= ok=1
Cmd: compileSnippet
  api=4 type=1 insize=3943 outsize=1217 kw= pd= ok=1
Cmd: compileSnippet
  api=4 type=0 insize=3951 outsize=1249 kw= pd= ok=1
Cmd: compileSnippet
  api=4 type=1 insize=3951 outsize=1201 kw= pd= ok=1
Cmd: compileSnippet
  api=4 type=0 insize=3943 outsize=1314 kw= pd= ok=1
Cmd: compileSnippet
  api=4 type=1 insize=3943 outsize=1721 kw= pd= ok=1
Cmd: compileSnippet
  api=4 type=0 insize=3945 outsize=1314 kw= pd= ok=1
Cmd: compileSnippet
  api=4 type=1 insize=3945 outsize=2021 kw= pd= ok=1
Cmd: compileSnippet
  api=4 type=0 insize=3940 outsize=1314 kw= pd= ok=1
Cmd: compileSnippet
  api=4 type=1 insize=3940 outsize=989 kw= pd= ok=1
Cmd: preprocess
  insize=1310 outsize=384 ok=1
Cmd: compileSnippet
  api=4 type=0 insize=1228 outsize=1477 kw= pd= ok=1
Cmd: compileSnippet
  api=4 type=1 insize=1228 outsize=1087 kw= pd= ok=1
Cmd: preprocess
  insize=5717 outsize=1219 ok=1
Cmd: compileSnippet
  api=4 type=0 insize=4250 outsize=1444 kw= pd= ok=1
Cmd: compileSnippet
  api=4 type=1 insize=4250 outsize=3208 kw= pd= ok=1
Cmd: compileSnippet
  error: 1 plat 4 at (72): Output value 'vertApply' is not completely initialized\nCompiling Vertex program
  api=4 type=0 insize=3336 outsize=1201 kw= pd= ok=1
Cmd: compileSnippet
  api=4 type=1 insize=3336 outsize=1672 kw= pd= ok=1
Cmd: compileSnippet
  api=4 type=4 insize=3336 outsize=3606 kw= pd= ok=1
Cmd: compileSnippet
  error: 1 plat 4 at (72): Output value 'vertApply' is not completely initialized\nCompiling Vertex program
  api=4 type=0 insize=3336 outsize=1201 kw= pd= ok=1
Cmd: compileSnippet
  api=4 type=1 insize=3336 outsize=1672 kw= pd= ok=1
Cmd: compileSnippet
  api=4 type=4 insize=3336 outsize=3606 kw= pd= ok=1
Cmd: preprocess
  insize=716 outsize=286 ok=1
Cmd: compileSnippet
  api=4 type=0 insize=732 outsize=1006 kw= pd= ok=1
Cmd: compileSnippet
  api=4 type=1 insize=732 outsize=673 kw= pd= ok=1
Cmd: preprocess
  insize=656 outsize=299 ok=1
Cmd: compileSnippet
  api=4 type=0 insize=657 outsize=1006 kw= pd= ok=1
Cmd: compileSnippet
  api=4 type=1 insize=657 outsize=1404 kw= pd= ok=1
Cmd: preprocess
  insize=3696 outsize=630 ok=1
Cmd: compileSnippet
  api=4 type=0 insize=3278 outsize=1006 kw= pd= ok=1
Cmd: compileSnippet
  api=4 type=1 insize=3278 outsize=1274 kw= pd= ok=1
Cmd: compileSnippet
  api=4 type=0 insize=3285 outsize=2151 kw= pd= ok=1
Cmd: compileSnippet
  api=4 type=1 insize=3285 outsize=1851 kw= pd= ok=1
Cmd: compileSnippet
  api=4 type=0 insize=3294 outsize=2135 kw= pd= ok=1
Cmd: compileSnippet
  api=4 type=1 insize=3294 outsize=2208 kw= pd= ok=1
Cmd: compileSnippet
  api=4 type=0 insize=3289 outsize=2135 kw= pd= ok=1
Cmd: compileSnippet
  api=4 type=1 insize=3289 outsize=2419 kw= pd= ok=1
Cmd: preprocess
  insize=799 outsize=276 ok=1
Cmd: compileSnippet
  api=4 type=0 insize=828 outsize=1006 kw= pd= ok=1
Cmd: compileSnippet
  api=4 type=1 insize=828 outsize=1103 kw= pd= ok=1
Cmd: preprocess
  insize=1265 outsize=272 ok=1
Cmd: compileSnippet
  api=4 type=0 insize=1298 outsize=1574 kw= pd= ok=1
Cmd: compileSnippet
  api=4 type=1 insize=1298 outsize=1956 kw= pd= ok=1
Cmd: preprocess
  insize=2015 outsize=946 ok=1
Cmd: compileSnippet
  api=4 type=0 insize=859 outsize=1087 kw= pd= ok=1
Cmd: compileSnippet
  api=4 type=1 insize=859 outsize=754 kw= pd= ok=1
Cmd: compileSnippet
  api=4 type=0 insize=814 outsize=1087 kw= pd= ok=1
Cmd: compileSnippet
  api=4 type=1 insize=814 outsize=616 kw= pd= ok=1
Cmd: preprocess
  insize=5095 outsize=700 ok=1
Cmd: compileSnippet
  api=4 type=0 insize=4659 outsize=1014 kw= pd= ok=1
Cmd: compileSnippet
  api=4 type=1 insize=4659 outsize=1964 kw= pd= ok=1
Cmd: compileSnippet
  api=4 type=0 insize=4664 outsize=1014 kw= pd= ok=1
Cmd: compileSnippet
  api=4 type=1 insize=4664 outsize=1696 kw= pd= ok=1
Cmd: compileSnippet
  api=4 type=0 insize=4674 outsize=1014 kw= pd= ok=1
Cmd: compileSnippet
  error: 1 plat 4 at (151): integer modulus may be much slower, try using uints if possible.\nCompiling Fragment program
  api=4 type=1 insize=4674 outsize=6466 kw= pd= ok=1
Cmd: preprocess
  insize=1017 outsize=470 ok=1
Cmd: compileSnippet
  api=4 type=0 insize=849 outsize=1144 kw= pd= ok=1
Cmd: compileSnippet
  api=4 type=1 insize=849 outsize=1038 kw= pd= ok=1
Cmd: preprocess
  insize=1139 outsize=364 ok=1
Cmd: compileSnippet
  api=4 type=0 insize=1080 outsize=1249 kw= pd= ok=1
Cmd: compileSnippet
  api=4 type=1 insize=1080 outsize=1201 kw= pd= ok=1
Cmd: preprocess
  insize=512 outsize=241 ok=1
Cmd: compileSnippet
  api=4 type=0 insize=573 outsize=843 kw= pd= ok=1
Cmd: compileSnippet
  api=4 type=1 insize=573 outsize=453 kw= pd= ok=1
Cmd: preprocess
  insize=650 outsize=290 ok=1
Cmd: compileSnippet
  api=4 type=0 insize=665 outsize=1006 kw= pd= ok=1
Cmd: compileSnippet
  api=4 type=1 insize=665 outsize=729 kw= pd= ok=1
Cmd: preprocess
  insize=5006 outsize=866 ok=1
Cmd: compileSnippet
  api=4 type=0 insize=4390 outsize=1599 kw= pd= ok=1
Cmd: compileSnippet
  api=4 type=1 insize=4390 outsize=1323 kw= pd= ok=1
Cmd: compileSnippet
  api=4 type=0 insize=4394 outsize=1412 kw= pd= ok=1
Cmd: compileSnippet
  api=4 type=1 insize=4394 outsize=1534 kw= pd= ok=1
Cmd: compileSnippet
  api=4 type=0 insize=4395 outsize=1412 kw= pd= ok=1
Cmd: compileSnippet
  api=4 type=1 insize=4395 outsize=1534 kw= pd= ok=1
Cmd: compileSnippet
  api=4 type=0 insize=4399 outsize=1769 kw= pd= ok=1
Cmd: compileSnippet
  api=4 type=1 insize=4399 outsize=1802 kw= pd= ok=1
Cmd: compileSnippet
  api=4 type=0 insize=4400 outsize=1769 kw= pd= ok=1
Cmd: compileSnippet
  api=4 type=1 insize=4400 outsize=1802 kw= pd= ok=1
Cmd: compileSnippet
  api=4 type=0 insize=982 outsize=3979 kw=DIRECTIONAL SHADOWS_OFF LIGHTMAP_OFF DIRLIGHTMAP_OFF DYNAMICLIGHTMAP_OFF _EMISSION pd= ok=1
Cmd: compileSnippet
  api=4 type=1 insize=982 outsize=10829 kw=DIRECTIONAL SHADOWS_OFF LIGHTMAP_OFF DIRLIGHTMAP_OFF DYNAMICLIGHTMAP_OFF _EMISSION pd= ok=1
Cmd: compileSnippet
  api=4 type=0 insize=8556 outsize=1501 kw=DIRECTIONAL pd= ok=1
Cmd: compileSnippet
  api=4 type=1 insize=8556 outsize=2948 kw=DIRECTIONAL pd= ok=1
Cmd: compileSnippet
  api=4 type=2 insize=8556 outsize=7863 kw=DIRECTIONAL pd= ok=1
Cmd: compileSnippet
  api=4 type=3 insize=8556 outsize=6384 kw=DIRECTIONAL pd= ok=1
Cmd: compileSnippet
  api=4 type=0 insize=8388 outsize=1501 kw=DIRECTIONAL pd= ok=1
Cmd: compileSnippet
  api=4 type=1 insize=8388 outsize=2948 kw=DIRECTIONAL pd= ok=1
Cmd: compileSnippet
  api=4 type=2 insize=8388 outsize=7928 kw=DIRECTIONAL pd= ok=1
Cmd: compileSnippet
  api=4 type=3 insize=8388 outsize=5418 kw=DIRECTIONAL pd= ok=1
Cmd: compileSnippet
  api=4 type=0 insize=977 outsize=4703 kw=DIRECTIONAL SHADOWS_OFF LIGHTMAP_OFF DIRLIGHTMAP_OFF DYNAMICLIGHTMAP_OFF _NORMALMAP pd= ok=1
Cmd: compileSnippet
  api=4 type=1 insize=977 outsize=11292 kw=DIRECTIONAL SHADOWS_OFF LIGHTMAP_OFF DIRLIGHTMAP_OFF DYNAMICLIGHTMAP_OFF _NORMALMAP pd= ok=1
Cmd: compileSnippet
  api=4 type=0 insize=934 outsize=4101 kw=DIRECTIONAL SHADOWS_OFF _NORMALMAP pd= ok=1
Cmd: compileSnippet
  api=4 type=1 insize=934 outsize=6141 kw=DIRECTIONAL SHADOWS_OFF _NORMALMAP pd= ok=1
Cmd: compileSnippet
  api=4 type=0 insize=977 outsize=3979 kw=DIRECTIONAL SHADOWS_OFF LIGHTMAP_OFF DIRLIGHTMAP_OFF DYNAMICLIGHTMAP_OFF pd= ok=1
Cmd: compileSnippet
  api=4 type=1 insize=977 outsize=10504 kw=DIRECTIONAL SHADOWS_OFF LIGHTMAP_OFF DIRLIGHTMAP_OFF DYNAMICLIGHTMAP_OFF pd= ok=1
Cmd: compileSnippet
  api=4 type=0 insize=934 outsize=4101 kw=DIRECTIONAL SHADOWS_OFF pd= ok=1
Cmd: compileSnippet
  api=4 type=1 insize=934 outsize=5401 kw=DIRECTIONAL SHADOWS_OFF pd= ok=1
Cmd: compileSnippet
  api=4 type=0 insize=982 outsize=5580 kw=DIRECTIONAL SHADOWS_OFF LIGHTMAP_OFF DIRLIGHTMAP_OFF DYNAMICLIGHTMAP_OFF _PARALLAXMAP _NORMALMAP pd= ok=1
Cmd: compileSnippet
  api=4 type=1 insize=982 outsize=12169 kw=DIRECTIONAL SHADOWS_OFF LIGHTMAP_OFF DIRLIGHTMAP_OFF DYNAMICLIGHTMAP_OFF _PARALLAXMAP _NORMALMAP pd= ok=1
Cmd: compileSnippet
  api=4 type=0 insize=938 outsize=5174 kw=DIRECTIONAL SHADOWS_OFF _PARALLAXMAP _NORMALMAP pd= ok=1
Cmd: compileSnippet
  api=4 type=1 insize=938 outsize=6969 kw=DIRECTIONAL SHADOWS_OFF _PARALLAXMAP _NORMALMAP pd= ok=1
Cmd: compileSnippet
  api=4 type=0 insize=3944 outsize=2753 kw=DIRECTIONAL pd= ok=1
Cmd: compileSnippet
  api=4 type=1 insize=3944 outsize=1371 kw=DIRECTIONAL pd= ok=1
Cmd: compileSnippet
  api=4 type=0 insize=966 outsize=1290 kw= pd= ok=1
Cmd: compileSnippet
  api=4 type=1 insize=966 outsize=811 kw= pd= ok=1
Cmd: compileSnippet
  api=4 type=0 insize=751 outsize=1420 kw=SHADOWS_CUBE pd= ok=1
Cmd: compileSnippet
  api=4 type=1 insize=751 outsize=624 kw=SHADOWS_CUBE pd= ok=1
Cmd: compileSnippet
  api=4 type=0 insize=934 outsize=5093 kw=POINT SHADOWS_CUBE SHADOWS_SOFT FOG_LINEAR _DETAIL_MULX2 _NORMALMAP _SPECGLOSSMAP pd= ok=1
Cmd: compileSnippet
  api=4 type=1 insize=934 outsize=9813 kw=POINT SHADOWS_CUBE SHADOWS_SOFT FOG_LINEAR _DETAIL_MULX2 _NORMALMAP _SPECGLOSSMAP pd= ok=1
Cmd: compileSnippet
  api=4 type=0 insize=977 outsize=6116 kw=DIRECTIONAL SHADOWS_OFF LIGHTMAP_OFF DIRLIGHTMAP_OFF DYNAMICLIGHTMAP_OFF VERTEXLIGHT_ON _NORMALMAP pd= ok=1
Cmd: compileSnippet
  api=4 type=0 insize=982 outsize=5393 kw=DIRECTIONAL SHADOWS_OFF LIGHTMAP_OFF DIRLIGHTMAP_OFF DYNAMICLIGHTMAP_OFF VERTEXLIGHT_ON pd= ok=1
Cmd: compileSnippet
  api=4 type=0 insize=982 outsize=6116 kw=DIRECTIONAL SHADOWS_OFF LIGHTMAP_OFF DIRLIGHTMAP_OFF DYNAMICLIGHTMAP_OFF VERTEXLIGHT_ON _NORMALMAP pd= ok=1
Cmd: compileSnippet
  api=4 type=0 insize=982 outsize=6994 kw=DIRECTIONAL SHADOWS_OFF LIGHTMAP_OFF DIRLIGHTMAP_OFF DYNAMICLIGHTMAP_OFF VERTEXLIGHT_ON _PARALLAXMAP _NORMALMAP pd= ok=1
Cmd: compileSnippet
  api=4 type=0 insize=938 outsize=4938 kw=POINT SHADOWS_CUBE SHADOWS_SOFT pd= ok=1
Cmd: compileSnippet
  api=4 type=1 insize=938 outsize=7489 kw=POINT SHADOWS_CUBE SHADOWS_SOFT pd= ok=1
Cmd: compileSnippet
  api=4 type=0 insize=934 outsize=5206 kw=SPOT SHADOWS_DEPTH SHADOWS_SOFT SHADOWS_NATIVE _NORMALMAP pd= ok=1
Cmd: compileSnippet
  api=4 type=1 insize=934 outsize=8269 kw=SPOT SHADOWS_DEPTH SHADOWS_SOFT SHADOWS_NATIVE _NORMALMAP pd= ok=1
Cmd: compileSnippet
  api=4 type=0 insize=934 outsize=4938 kw=POINT SHADOWS_CUBE SHADOWS_SOFT _NORMALMAP pd= ok=1
Cmd: compileSnippet
  api=4 type=1 insize=934 outsize=8099 kw=POINT SHADOWS_CUBE SHADOWS_SOFT _NORMALMAP pd= ok=1
Cmd: compileSnippet
  api=4 type=0 insize=938 outsize=5206 kw=SPOT SHADOWS_DEPTH SHADOWS_SOFT SHADOWS_NATIVE pd= ok=1
Cmd: compileSnippet
  api=4 type=1 insize=938 outsize=7660 kw=SPOT SHADOWS_DEPTH SHADOWS_SOFT SHADOWS_NATIVE pd= ok=1
Cmd: compileSnippet
  api=4 type=0 insize=938 outsize=5206 kw=SPOT SHADOWS_DEPTH SHADOWS_SOFT SHADOWS_NATIVE _NORMALMAP pd= ok=1
Cmd: compileSnippet
  api=4 type=1 insize=938 outsize=8343 kw=SPOT SHADOWS_DEPTH SHADOWS_SOFT SHADOWS_NATIVE _NORMALMAP pd= ok=1
Cmd: compileSnippet
  api=4 type=0 insize=938 outsize=4938 kw=POINT SHADOWS_CUBE SHADOWS_SOFT _NORMALMAP pd= ok=1
Cmd: compileSnippet
  api=4 type=1 insize=938 outsize=8172 kw=POINT SHADOWS_CUBE SHADOWS_SOFT _NORMALMAP pd= ok=1
Cmd: compileSnippet
  api=4 type=0 insize=938 outsize=6279 kw=SPOT SHADOWS_DEPTH SHADOWS_SOFT SHADOWS_NATIVE _PARALLAXMAP _NORMALMAP pd= ok=1
Cmd: compileSnippet
  api=4 type=1 insize=938 outsize=9114 kw=SPOT SHADOWS_DEPTH SHADOWS_SOFT SHADOWS_NATIVE _PARALLAXMAP _NORMALMAP pd= ok=1
Cmd: compileSnippet
  api=4 type=0 insize=938 outsize=6011 kw=POINT SHADOWS_CUBE SHADOWS_SOFT _PARALLAXMAP _NORMALMAP pd= ok=1
Cmd: compileSnippet
  api=4 type=1 insize=938 outsize=8944 kw=POINT SHADOWS_CUBE SHADOWS_SOFT _PARALLAXMAP _NORMALMAP pd= ok=1
Cmd: compileSnippet
  api=4 type=0 insize=934 outsize=4792 kw=SPOT SHADOWS_OFF _NORMALMAP pd= ok=1
Cmd: compileSnippet
  api=4 type=1 insize=934 outsize=7099 kw=SPOT SHADOWS_OFF _NORMALMAP pd= ok=1
Cmd: compileSnippet
  api=4 type=0 insize=934 outsize=4792 kw=POINT SHADOWS_OFF _NORMALMAP pd= ok=1
Cmd: compileSnippet
  api=4 type=1 insize=934 outsize=6604 kw=POINT SHADOWS_OFF _NORMALMAP pd= ok=1
Cmd: compileSnippet
  api=4 type=0 insize=938 outsize=4792 kw=SPOT SHADOWS_OFF pd= ok=1
Cmd: compileSnippet
  api=4 type=1 insize=938 outsize=6458 kw=SPOT SHADOWS_OFF pd= ok=1
Cmd: compileSnippet
  api=4 type=0 insize=938 outsize=4792 kw=POINT SHADOWS_OFF pd= ok=1
Cmd: compileSnippet
  api=4 type=1 insize=938 outsize=5962 kw=POINT SHADOWS_OFF pd= ok=1
Cmd: compileSnippet
  api=4 type=0 insize=938 outsize=4792 kw=SPOT SHADOWS_OFF _NORMALMAP pd= ok=1
Cmd: compileSnippet
  api=4 type=1 insize=938 outsize=7213 kw=SPOT SHADOWS_OFF _NORMALMAP pd= ok=1
Cmd: compileSnippet
  api=4 type=0 insize=938 outsize=4792 kw=POINT SHADOWS_OFF _NORMALMAP pd= ok=1
Cmd: compileSnippet
  api=4 type=1 insize=938 outsize=6718 kw=POINT SHADOWS_OFF _NORMALMAP pd= ok=1
Cmd: compileSnippet
  api=4 type=0 insize=938 outsize=5864 kw=SPOT SHADOWS_OFF _PARALLAXMAP _NORMALMAP pd= ok=1
Cmd: compileSnippet
  api=4 type=1 insize=938 outsize=7928 kw=SPOT SHADOWS_OFF _PARALLAXMAP _NORMALMAP pd= ok=1
Cmd: compileSnippet
  api=4 type=0 insize=938 outsize=5864 kw=POINT SHADOWS_OFF _PARALLAXMAP _NORMALMAP pd= ok=1
Cmd: compileSnippet
  api=4 type=1 insize=938 outsize=7433 kw=POINT SHADOWS_OFF _PARALLAXMAP _NORMALMAP pd= ok=1
Cmd: compileSnippet
  api=4 type=0 insize=70382 outsize=5466 kw=DIRECTIONAL SHADOWS_OFF LIGHTMAP_OFF DIRLIGHTMAP_OFF DYNAMICLIGHTMAP_OFF VERTEXLIGHT_ON pd= ok=1
Cmd: compileSnippet
  api=4 type=1 insize=70382 outsize=11706 kw=DIRECTIONAL SHADOWS_OFF LIGHTMAP_OFF DIRLIGHTMAP_OFF DYNAMICLIGHTMAP_OFF pd= ok=1
Cmd: compileSnippet
  api=4 type=0 insize=46248 outsize=3979 kw=SPOT SHADOWS_DEPTH SHADOWS_SOFT SHADOWS_NATIVE pd= ok=1
Cmd: compileSnippet
  api=4 type=1 insize=46248 outsize=9293 kw=SPOT SHADOWS_DEPTH SHADOWS_SOFT SHADOWS_NATIVE pd= ok=1
Cmd: compileSnippet
  api=4 type=0 insize=46248 outsize=3476 kw=POINT SHADOWS_CUBE SHADOWS_SOFT pd= ok=1
Cmd: compileSnippet
  api=4 type=1 insize=46248 outsize=9090 kw=POINT SHADOWS_CUBE SHADOWS_SOFT pd= ok=1
Cmd: compileSnippet
  api=4 type=0 insize=70382 outsize=4012 kw=DIRECTIONAL SHADOWS_OFF LIGHTMAP_OFF DIRLIGHTMAP_OFF DYNAMICLIGHTMAP_OFF pd= ok=1
Cmd: compileSnippet
  api=4 type=0 insize=1041 outsize=2265 kw= pd= ok=1
Cmd: compileSnippet
  api=4 type=1 insize=1041 outsize=892 kw= pd= ok=1
Cmd: compileSnippet
  api=4 type=0 insize=46248 outsize=3256 kw=SPOT SHADOWS_OFF pd= ok=1
Cmd: compileSnippet
  api=4 type=1 insize=46248 outsize=8164 kw=SPOT SHADOWS_OFF pd= ok=1
Cmd: compileSnippet
  api=4 type=0 insize=46248 outsize=3256 kw=POINT SHADOWS_OFF pd= ok=1
Cmd: compileSnippet
  api=4 type=1 insize=46248 outsize=7709 kw=POINT SHADOWS_OFF pd= ok=1
Cmd: compileSnippet
  api=4 type=0 insize=7364 outsize=4963 kw=DIRECTIONAL SHADOWS_OFF LIGHTMAP_OFF DIRLIGHTMAP_OFF DYNAMICLIGHTMAP_OFF VERTEXLIGHT_ON pd= ok=1
Cmd: compileSnippet
  api=4 type=1 insize=7364 outsize=10163 kw=DIRECTIONAL SHADOWS_OFF LIGHTMAP_OFF DIRLIGHTMAP_OFF DYNAMICLIGHTMAP_OFF pd= ok=1
Cmd: compileSnippet
  api=4 type=0 insize=4107 outsize=2753 kw=SPOT SHADOWS_OFF pd= ok=1
Cmd: compileSnippet
  api=4 type=1 insize=4107 outsize=6693 kw=SPOT SHADOWS_OFF pd= ok=1
Cmd: compileSnippet
  api=4 type=0 insize=4107 outsize=2753 kw=POINT SHADOWS_OFF pd= ok=1
Cmd: compileSnippet
  api=4 type=1 insize=4107 outsize=6165 kw=POINT SHADOWS_OFF pd= ok=1
Cmd: compileSnippet
  api=4 type=0 insize=7364 outsize=3508 kw=DIRECTIONAL SHADOWS_OFF LIGHTMAP_OFF DIRLIGHTMAP_OFF DYNAMICLIGHTMAP_OFF pd= ok=1
Cmd: compileSnippet
  api=4 type=0 insize=7662 outsize=6498 kw=DIRECTIONAL SHADOWS_OFF LIGHTMAP_OFF DIRLIGHTMAP_OFF DYNAMICLIGHTMAP_OFF pd= ok=1
Cmd: compileSnippet
  api=4 type=1 insize=7662 outsize=1558 kw=DIRECTIONAL SHADOWS_OFF LIGHTMAP_OFF DIRLIGHTMAP_OFF DYNAMICLIGHTMAP_OFF pd= ok=1
Cmd: compileSnippet
  api=4 type=0 insize=4408 outsize=5588 kw=SPOT pd= ok=1
Cmd: compileSnippet
  api=4 type=1 insize=4408 outsize=2688 kw=SPOT pd= ok=1
Cmd: compileSnippet
  api=4 type=0 insize=4408 outsize=5588 kw=POINT pd= ok=1
Cmd: compileSnippet
  api=4 type=1 insize=4408 outsize=2192 kw=POINT pd= ok=1
Cmd: compileSnippet
  api=4 type=0 insize=7647 outsize=9033 kw=DIRECTIONAL SHADOWS_OFF LIGHTMAP_OFF DIRLIGHTMAP_OFF DYNAMICLIGHTMAP_OFF VERTEXLIGHT_ON pd= ok=1
Cmd: compileSnippet
  api=4 type=0 insize=7010 outsize=10471 kw=DIRECTIONAL SHADOWS_OFF LIGHTMAP_OFF DIRLIGHTMAP_OFF DYNAMICLIGHTMAP_OFF VERTEXLIGHT_ON pd= ok=1
Cmd: compileSnippet
  api=4 type=0 insize=5215 outsize=6701 kw=SPOT pd= ok=1
Cmd: compileSnippet
  api=4 type=1 insize=5215 outsize=4491 kw=SPOT pd= ok=1
Cmd: compileSnippet
  api=4 type=0 insize=5215 outsize=6701 kw=POINT pd= ok=1
Cmd: compileSnippet
  api=4 type=1 insize=5215 outsize=3996 kw=POINT pd= ok=1
Cmd: compileSnippet
  api=4 type=0 insize=7662 outsize=7953 kw=DIRECTIONAL SHADOWS_OFF LIGHTMAP_OFF DIRLIGHTMAP_OFF DYNAMICLIGHTMAP_OFF VERTEXLIGHT_ON pd= ok=1
Cmd: compileSnippet
  api=4 type=0 insize=982 outsize=4337 kw=DIRECTIONAL SHADOWS_SCREEN LIGHTMAP_OFF DIRLIGHTMAP_OFF DYNAMICLIGHTMAP_OFF pd= ok=1
Cmd: compileSnippet
  api=4 type=1 insize=982 outsize=10926 kw=DIRECTIONAL SHADOWS_SCREEN LIGHTMAP_OFF DIRLIGHTMAP_OFF DYNAMICLIGHTMAP_OFF pd= ok=1
Cmd: compileSnippet
  api=4 type=0 insize=977 outsize=6271 kw=DIRECTIONAL SHADOWS_OFF LIGHTMAP_OFF DIRLIGHTMAP_OFF DYNAMICLIGHTMAP_OFF FOG_LINEAR VERTEXLIGHT_ON _DETAIL_MULX2 _NORMALMAP _SPECGLOSSMAP pd= ok=1
Cmd: compileSnippet
  api=4 type=0 insize=977 outsize=6271 kw=DIRECTIONAL SHADOWS_OFF LIGHTMAP_OFF DIRLIGHTMAP_OFF DYNAMICLIGHTMAP_OFF FOG_LINEAR VERTEXLIGHT_ON _NORMALMAP _SPECGLOSSMAP pd= ok=1
Cmd: compileSnippet
  api=4 type=1 insize=977 outsize=11633 kw=DIRECTIONAL SHADOWS_OFF LIGHTMAP_OFF DIRLIGHTMAP_OFF DYNAMICLIGHTMAP_OFF FOG_LINEAR _NORMALMAP _SPECGLOSSMAP pd= ok=1
Cmd: compileSnippet
  api=4 type=0 insize=977 outsize=5174 kw=DIRECTIONAL SHADOWS_SCREEN LIGHTMAP_OFF DIRLIGHTMAP_OFF DYNAMICLIGHTMAP_OFF FOG_LINEAR _NORMALMAP _SPECGLOSSMAP pd= ok=1
Cmd: compileSnippet
  api=4 type=1 insize=977 outsize=11942 kw=DIRECTIONAL SHADOWS_SCREEN LIGHTMAP_OFF DIRLIGHTMAP_OFF DYNAMICLIGHTMAP_OFF FOG_LINEAR _NORMALMAP _SPECGLOSSMAP pd= ok=1
Cmd: compileSnippet
  api=4 type=0 insize=934 outsize=5093 kw=POINT SHADOWS_CUBE SHADOWS_SOFT FOG_LINEAR _NORMALMAP _SPECGLOSSMAP pd= ok=1
Cmd: compileSnippet
  api=4 type=1 insize=934 outsize=8367 kw=POINT SHADOWS_CUBE SHADOWS_SOFT FOG_LINEAR _NORMALMAP _SPECGLOSSMAP pd= ok=1
Cmd: compileSnippet
  api=4 type=0 insize=977 outsize=4857 kw=DIRECTIONAL SHADOWS_OFF LIGHTMAP_OFF DIRLIGHTMAP_OFF DYNAMICLIGHTMAP_OFF FOG_LINEAR _NORMALMAP _SPECGLOSSMAP pd= ok=1
Cmd: compileSnippet
  api=4 type=0 insize=7139 outsize=5353 kw=DIRECTIONAL SHADOWS_OFF LIGHTMAP_OFF DIRLIGHTMAP_OFF DYNAMICLIGHTMAP_OFF FOG_LINEAR VERTEXLIGHT_ON pd= ok=1
Cmd: compileSnippet
  api=4 type=0 insize=3868 outsize=2988 kw=POINT FOG_LINEAR pd= ok=1
Cmd: compileSnippet
  api=4 type=1 insize=3868 outsize=3029 kw=POINT FOG_LINEAR pd= ok=1
Cmd: compileSnippet
  api=4 type=0 insize=977 outsize=5548 kw=DIRECTIONAL SHADOWS_OFF LIGHTMAP_OFF DIRLIGHTMAP_OFF DYNAMICLIGHTMAP_OFF FOG_LINEAR VERTEXLIGHT_ON pd= ok=1
Cmd: compileSnippet
  api=4 type=1 insize=977 outsize=10853 kw=DIRECTIONAL SHADOWS_OFF LIGHTMAP_OFF DIRLIGHTMAP_OFF DYNAMICLIGHTMAP_OFF FOG_LINEAR pd= ok=1
Cmd: compileSnippet
  api=4 type=0 insize=977 outsize=4451 kw=DIRECTIONAL SHADOWS_SCREEN LIGHTMAP_OFF DIRLIGHTMAP_OFF DYNAMICLIGHTMAP_OFF FOG_LINEAR pd= ok=1
Cmd: compileSnippet
  api=4 type=1 insize=977 outsize=11162 kw=DIRECTIONAL SHADOWS_SCREEN LIGHTMAP_OFF DIRLIGHTMAP_OFF DYNAMICLIGHTMAP_OFF FOG_LINEAR pd= ok=1
Cmd: compileSnippet
  api=4 type=0 insize=934 outsize=5093 kw=POINT SHADOWS_CUBE SHADOWS_SOFT FOG_LINEAR pd= ok=1
Cmd: compileSnippet
  api=4 type=1 insize=934 outsize=7668 kw=POINT SHADOWS_CUBE SHADOWS_SOFT FOG_LINEAR pd= ok=1
Cmd: compileSnippet
  api=4 type=0 insize=977 outsize=4134 kw=DIRECTIONAL SHADOWS_OFF LIGHTMAP_OFF DIRLIGHTMAP_OFF DYNAMICLIGHTMAP_OFF FOG_LINEAR pd= ok=1
Cmd: compileSnippet
  api=4 type=0 insize=934 outsize=4946 kw=POINT SHADOWS_OFF FOG_LINEAR _DETAIL_MULX2 _NORMALMAP _SPECGLOSSMAP pd= ok=1
Cmd: compileSnippet
  api=4 type=1 insize=934 outsize=8302 kw=POINT SHADOWS_OFF FOG_LINEAR _DETAIL_MULX2 _NORMALMAP _SPECGLOSSMAP pd= ok=1
Cmd: preprocess
  insize=22647 outsize=4354 ok=1
Cmd: compileSnippet
  api=4 type=0 insize=9488 outsize=3963 kw=DIRECTIONAL SHADOWS_OFF LIGHTMAP_OFF DIRLIGHTMAP_OFF DYNAMICLIGHTMAP_OFF pd= ok=1
Cmd: compileSnippet
  api=4 type=1 insize=9488 outsize=13608 kw=DIRECTIONAL SHADOWS_OFF LIGHTMAP_OFF DIRLIGHTMAP_OFF DYNAMICLIGHTMAP_OFF pd= ok=1
Cmd: compileSnippet
  api=4 type=0 insize=6563 outsize=4280 kw=POINT SHADOWS_OFF LIGHTMAP_OFF DIRLIGHTMAP_OFF DYNAMICLIGHTMAP_OFF pd= ok=1
Cmd: compileSnippet
  api=4 type=1 insize=6563 outsize=9456 kw=POINT SHADOWS_OFF LIGHTMAP_OFF DIRLIGHTMAP_OFF DYNAMICLIGHTMAP_OFF pd= ok=1
Cmd: compileSnippet
  api=4 type=0 insize=3262 outsize=2395 kw=SHADOWS_DEPTH LIGHTMAP_OFF DIRLIGHTMAP_OFF DYNAMICLIGHTMAP_OFF pd= ok=1
Cmd: compileSnippet
  api=4 type=1 insize=3262 outsize=3362 kw=SHADOWS_DEPTH LIGHTMAP_OFF DIRLIGHTMAP_OFF DYNAMICLIGHTMAP_OFF pd= ok=1
Cmd: compileSnippet
  api=4 type=0 insize=751 outsize=3776 kw=SHADOWS_DEPTH _ALPHABLEND_ON pd= ok=1
Cmd: compileSnippet
  api=4 type=1 insize=751 outsize=1233 kw=SHADOWS_DEPTH _ALPHABLEND_ON pd= ok=1
Cmd: compileSnippet
  api=4 type=0 insize=977 outsize=4703 kw=DIRECTIONAL SHADOWS_OFF LIGHTMAP_OFF DIRLIGHTMAP_OFF DYNAMICLIGHTMAP_OFF _ALPHABLEND_ON _NORMALMAP pd= ok=1
Cmd: compileSnippet
  api=4 type=1 insize=977 outsize=11316 kw=DIRECTIONAL SHADOWS_OFF LIGHTMAP_OFF DIRLIGHTMAP_OFF DYNAMICLIGHTMAP_OFF _ALPHABLEND_ON _NORMALMAP pd= ok=1
Cmd: compileSnippet
  api=4 type=0 insize=934 outsize=4101 kw=DIRECTIONAL SHADOWS_OFF _ALPHABLEND_ON _NORMALMAP pd= ok=1
Cmd: compileSnippet
  api=4 type=1 insize=934 outsize=6165 kw=DIRECTIONAL SHADOWS_OFF _ALPHABLEND_ON _NORMALMAP pd= ok=1
Cmd: compileSnippet
  api=4 type=0 insize=977 outsize=4703 kw=DIRECTIONAL SHADOWS_OFF LIGHTMAP_OFF DIRLIGHTMAP_OFF DYNAMICLIGHTMAP_OFF _EMISSION _NORMALMAP _SPECGLOSSMAP pd= ok=1
Cmd: compileSnippet
  api=4 type=1 insize=977 outsize=11495 kw=DIRECTIONAL SHADOWS_OFF LIGHTMAP_OFF DIRLIGHTMAP_OFF DYNAMICLIGHTMAP_OFF _EMISSION _NORMALMAP _SPECGLOSSMAP pd= ok=1
Cmd: compileSnippet
  api=4 type=0 insize=6563 outsize=3825 kw=DIRECTIONAL SHADOWS_OFF LIGHTMAP_OFF DIRLIGHTMAP_OFF DYNAMICLIGHTMAP_OFF pd= ok=1
Cmd: compileSnippet
  api=4 type=1 insize=6563 outsize=9147 kw=DIRECTIONAL SHADOWS_OFF LIGHTMAP_OFF DIRLIGHTMAP_OFF DYNAMICLIGHTMAP_OFF pd= ok=1
Cmd: compileSnippet
  api=4 type=0 insize=751 outsize=1639 kw=SHADOWS_CUBE _ALPHABLEND_ON pd= ok=1
Cmd: compileSnippet
  api=4 type=1 insize=751 outsize=1436 kw=SHADOWS_CUBE _ALPHABLEND_ON pd= ok=1
Cmd: compileSnippet
  api=4 type=0 insize=934 outsize=4938 kw=POINT SHADOWS_CUBE SHADOWS_SOFT _NORMALMAP _SPECGLOSSMAP pd= ok=1
Cmd: compileSnippet
  api=4 type=1 insize=934 outsize=8115 kw=POINT SHADOWS_CUBE SHADOWS_SOFT _NORMALMAP _SPECGLOSSMAP pd= ok=1
Cmd: compileSnippet
  api=4 type=0 insize=6563 outsize=4459 kw=POINT SHADOWS_CUBE SHADOWS_SOFT LIGHTMAP_OFF DIRLIGHTMAP_OFF DYNAMICLIGHTMAP_OFF pd= ok=1
Cmd: compileSnippet
  api=4 type=1 insize=6563 outsize=10878 kw=POINT SHADOWS_CUBE SHADOWS_SOFT LIGHTMAP_OFF DIRLIGHTMAP_OFF DYNAMICLIGHTMAP_OFF pd= ok=1
Cmd: compileSnippet
  api=4 type=0 insize=934 outsize=4792 kw=POINT SHADOWS_OFF _ALPHABLEND_ON _NORMALMAP pd= ok=1
Cmd: compileSnippet
  api=4 type=1 insize=934 outsize=6669 kw=POINT SHADOWS_OFF _ALPHABLEND_ON _NORMALMAP pd= ok=1
Cmd: compileSnippet
  api=4 type=0 insize=977 outsize=6271 kw=DIRECTIONAL SHADOWS_OFF LIGHTMAP_OFF DIRLIGHTMAP_OFF DYNAMICLIGHTMAP_OFF FOG_LINEAR _EMISSION VERTEXLIGHT_ON _NORMALMAP _SPECGLOSSMAP pd= ok=1
Cmd: compileSnippet
  api=4 type=1 insize=977 outsize=11844 kw=DIRECTIONAL SHADOWS_OFF LIGHTMAP_OFF DIRLIGHTMAP_OFF DYNAMICLIGHTMAP_OFF FOG_LINEAR _EMISSION _NORMALMAP _SPECGLOSSMAP pd= ok=1
Cmd: compileSnippet
  api=4 type=0 insize=977 outsize=5174 kw=DIRECTIONAL SHADOWS_SCREEN LIGHTMAP_OFF DIRLIGHTMAP_OFF DYNAMICLIGHTMAP_OFF FOG_LINEAR _EMISSION _NORMALMAP _SPECGLOSSMAP pd= ok=1
Cmd: compileSnippet
  api=4 type=1 insize=977 outsize=12153 kw=DIRECTIONAL SHADOWS_SCREEN LIGHTMAP_OFF DIRLIGHTMAP_OFF DYNAMICLIGHTMAP_OFF FOG_LINEAR _EMISSION _NORMALMAP _SPECGLOSSMAP pd= ok=1
Cmd: compileSnippet
  api=4 type=0 insize=977 outsize=4857 kw=DIRECTIONAL SHADOWS_OFF LIGHTMAP_OFF DIRLIGHTMAP_OFF DYNAMICLIGHTMAP_OFF FOG_LINEAR _EMISSION _NORMALMAP _SPECGLOSSMAP pd= ok=1
Cmd: compileSnippet
  api=4 type=0 insize=9488 outsize=4118 kw=DIRECTIONAL SHADOWS_OFF LIGHTMAP_OFF DIRLIGHTMAP_OFF DYNAMICLIGHTMAP_OFF FOG_LINEAR VERTEXLIGHT_ON pd= ok=1
Cmd: compileSnippet
  api=4 type=1 insize=9488 outsize=13957 kw=DIRECTIONAL SHADOWS_OFF LIGHTMAP_OFF DIRLIGHTMAP_OFF DYNAMICLIGHTMAP_OFF FOG_LINEAR pd= ok=1
Cmd: compileSnippet
  api=4 type=0 insize=9488 outsize=4524 kw=DIRECTIONAL SHADOWS_SCREEN LIGHTMAP_OFF DIRLIGHTMAP_OFF DYNAMICLIGHTMAP_OFF FOG_LINEAR pd= ok=1
Cmd: compileSnippet
  api=4 type=1 insize=9488 outsize=14266 kw=DIRECTIONAL SHADOWS_SCREEN LIGHTMAP_OFF DIRLIGHTMAP_OFF DYNAMICLIGHTMAP_OFF FOG_LINEAR pd= ok=1
Cmd: compileSnippet
  api=4 type=0 insize=6563 outsize=4459 kw=POINT SHADOWS_CUBE SHADOWS_SOFT LIGHTMAP_OFF DIRLIGHTMAP_OFF DYNAMICLIGHTMAP_OFF FOG_LINEAR pd= ok=1
Cmd: compileSnippet
  api=4 type=1 insize=6563 outsize=10878 kw=POINT SHADOWS_CUBE SHADOWS_SOFT LIGHTMAP_OFF DIRLIGHTMAP_OFF DYNAMICLIGHTMAP_OFF FOG_LINEAR pd= ok=1
Cmd: compileSnippet
  api=4 type=0 insize=9488 outsize=4118 kw=DIRECTIONAL SHADOWS_OFF LIGHTMAP_OFF DIRLIGHTMAP_OFF DYNAMICLIGHTMAP_OFF FOG_LINEAR pd= ok=1
Cmd: compileSnippet
  api=4 type=0 insize=934 outsize=4946 kw=POINT SHADOWS_OFF FOG_LINEAR _NORMALMAP _SPECGLOSSMAP pd= ok=1
Cmd: compileSnippet
  api=4 type=1 insize=934 outsize=6856 kw=POINT SHADOWS_OFF FOG_LINEAR _NORMALMAP _SPECGLOSSMAP pd= ok=1
Cmd: compileSnippet
  api=4 type=0 insize=64711 outsize=6165 kw=DIRECTIONAL SHADOWS_SCREEN LIGHTMAP_OFF DIRLIGHTMAP_OFF DYNAMICLIGHTMAP_OFF FOG_LINEAR VERTEXLIGHT_ON pd= ok=1
Cmd: compileSnippet
  api=4 type=0 insize=977 outsize=6588 kw=DIRECTIONAL SHADOWS_SCREEN LIGHTMAP_OFF DIRLIGHTMAP_OFF DYNAMICLIGHTMAP_OFF FOG_LINEAR _EMISSION VERTEXLIGHT_ON _NORMALMAP _SPECGLOSSMAP pd= ok=1
Cmd: compileSnippet
  api=4 type=0 insize=977 outsize=6588 kw=DIRECTIONAL SHADOWS_SCREEN LIGHTMAP_OFF DIRLIGHTMAP_OFF DYNAMICLIGHTMAP_OFF FOG_LINEAR VERTEXLIGHT_ON _NORMALMAP _SPECGLOSSMAP pd= ok=1
